[0.010s] Invoking command in '/home/ayush/Desktop/ROS_part_2/build/my_robot_bringup': CMAKE_PREFIX_PATH=/home/ayush/Desktop/ROS_part_2/install/my_robot_description:/home/ayush/Desktop/ROS_part_2/install/my_robot_bringup:/opt/ros/humble /usr/bin/cmake /home/ayush/Desktop/ROS_part_2/src/my_robot_bringup -DCMAKE_INSTALL_PREFIX=/home/ayush/Desktop/ROS_part_2/install/my_robot_bringup
[0.021s] -- Found ament_cmake: 1.3.11 (/opt/ros/humble/share/ament_cmake/cmake)
[0.129s] -- Override CMake install command with custom implementation using symlinks instead of copying resources
[0.202s] -- Configuring done
[0.205s] -- Generating done
[0.206s] -- Build files have been written to: /home/ayush/Desktop/ROS_part_2/build/my_robot_bringup
[0.210s] Invoked command in '/home/ayush/Desktop/ROS_part_2/build/my_robot_bringup' returned '0': CMAKE_PREFIX_PATH=/home/ayush/Desktop/ROS_part_2/install/my_robot_description:/home/ayush/Desktop/ROS_part_2/install/my_robot_bringup:/opt/ros/humble /usr/bin/cmake /home/ayush/Desktop/ROS_part_2/src/my_robot_bringup -DCMAKE_INSTALL_PREFIX=/home/ayush/Desktop/ROS_part_2/install/my_robot_bringup
[0.210s] Invoking command in '/home/ayush/Desktop/ROS_part_2/build/my_robot_bringup': CMAKE_PREFIX_PATH=/home/ayush/Desktop/ROS_part_2/install/my_robot_description:/home/ayush/Desktop/ROS_part_2/install/my_robot_bringup:/opt/ros/humble /usr/bin/cmake --build /home/ayush/Desktop/ROS_part_2/build/my_robot_bringup -- -j8 -l8
[0.246s] Invoked command in '/home/ayush/Desktop/ROS_part_2/build/my_robot_bringup' returned '0': CMAKE_PREFIX_PATH=/home/ayush/Desktop/ROS_part_2/install/my_robot_description:/home/ayush/Desktop/ROS_part_2/install/my_robot_bringup:/opt/ros/humble /usr/bin/cmake --build /home/ayush/Desktop/ROS_part_2/build/my_robot_bringup -- -j8 -l8
[0.248s] Invoking command in '/home/ayush/Desktop/ROS_part_2/build/my_robot_bringup': CMAKE_PREFIX_PATH=/home/ayush/Desktop/ROS_part_2/install/my_robot_description:/home/ayush/Desktop/ROS_part_2/install/my_robot_bringup:/opt/ros/humble /usr/bin/cmake --install /home/ayush/Desktop/ROS_part_2/build/my_robot_bringup
[0.254s] -- Install configuration: ""
[0.254s] -- Execute custom install script
[0.255s] -- Up-to-date symlink: /home/ayush/Desktop/ROS_part_2/install/my_robot_bringup/share/my_robot_bringup/launch/my_robot_gazebo.launch.xml
[0.255s] -- Up-to-date symlink: /home/ayush/Desktop/ROS_part_2/install/my_robot_bringup/share/my_robot_bringup/rviz/robot_config.rviz
[0.255s] -- Up-to-date symlink: /home/ayush/Desktop/ROS_part_2/install/my_robot_bringup/share/my_robot_bringup/worlds/test_world.world
[0.256s] -- Up-to-date symlink: /home/ayush/Desktop/ROS_part_2/install/my_robot_bringup/share/ament_index/resource_index/package_run_dependencies/my_robot_bringup
[0.256s] -- Up-to-date symlink: /home/ayush/Desktop/ROS_part_2/install/my_robot_bringup/share/ament_index/resource_index/parent_prefix_path/my_robot_bringup
[0.256s] -- Up-to-date symlink: /home/ayush/Desktop/ROS_part_2/install/my_robot_bringup/share/my_robot_bringup/environment/ament_prefix_path.sh
[0.256s] -- Up-to-date symlink: /home/ayush/Desktop/ROS_part_2/install/my_robot_bringup/share/my_robot_bringup/environment/ament_prefix_path.dsv
[0.257s] -- Up-to-date symlink: /home/ayush/Desktop/ROS_part_2/install/my_robot_bringup/share/my_robot_bringup/environment/path.sh
[0.257s] -- Up-to-date symlink: /home/ayush/Desktop/ROS_part_2/install/my_robot_bringup/share/my_robot_bringup/environment/path.dsv
[0.257s] -- Up-to-date symlink: /home/ayush/Desktop/ROS_part_2/install/my_robot_bringup/share/my_robot_bringup/local_setup.bash
[0.257s] -- Up-to-date symlink: /home/ayush/Desktop/ROS_part_2/install/my_robot_bringup/share/my_robot_bringup/local_setup.sh
[0.258s] -- Up-to-date symlink: /home/ayush/Desktop/ROS_part_2/install/my_robot_bringup/share/my_robot_bringup/local_setup.zsh
[0.258s] -- Up-to-date symlink: /home/ayush/Desktop/ROS_part_2/install/my_robot_bringup/share/my_robot_bringup/local_setup.dsv
[0.258s] -- Symlinking: /home/ayush/Desktop/ROS_part_2/install/my_robot_bringup/share/my_robot_bringup/package.dsv
[0.266s] -- Up-to-date symlink: /home/ayush/Desktop/ROS_part_2/install/my_robot_bringup/share/ament_index/resource_index/packages/my_robot_bringup
[0.266s] -- Up-to-date symlink: /home/ayush/Desktop/ROS_part_2/install/my_robot_bringup/share/my_robot_bringup/cmake/my_robot_bringupConfig.cmake
[0.267s] -- Up-to-date symlink: /home/ayush/Desktop/ROS_part_2/install/my_robot_bringup/share/my_robot_bringup/cmake/my_robot_bringupConfig-version.cmake
[0.267s] -- Up-to-date symlink: /home/ayush/Desktop/ROS_part_2/install/my_robot_bringup/share/my_robot_bringup/package.xml
[0.270s] Invoked command in '/home/ayush/Desktop/ROS_part_2/build/my_robot_bringup' returned '0': CMAKE_PREFIX_PATH=/home/ayush/Desktop/ROS_part_2/install/my_robot_description:/home/ayush/Desktop/ROS_part_2/install/my_robot_bringup:/opt/ros/humble /usr/bin/cmake --install /home/ayush/Desktop/ROS_part_2/build/my_robot_bringup
