[0.012s] Invoking command in '/home/ayush/Desktop/ROS_part_2/build/my_robot_description': CMAKE_PREFIX_PATH=/opt/ros/humble /usr/bin/cmake /home/ayush/Desktop/ROS_part_2/src/my_robot_description -DCMAKE_INSTALL_PREFIX=/home/ayush/Desktop/ROS_part_2/install/my_robot_description
[0.063s] -- The C compiler identification is GNU 11.4.0
[0.114s] -- The CXX compiler identification is GNU 11.4.0
[0.120s] -- Detecting C compiler ABI info
[0.183s] -- Detecting C compiler ABI info - done
[0.190s] -- Check for working C compiler: /usr/bin/cc - skipped
[0.190s] -- Detecting C compile features
[0.191s] -- Detecting C compile features - done
[0.193s] -- Detecting CXX compiler ABI info
[0.269s] -- Detecting CXX compiler ABI info - done
[0.277s] -- Check for working CXX compiler: /usr/bin/c++ - skipped
[0.277s] -- Detecting CXX compile features
[0.277s] -- Detecting CXX compile features - done
[0.280s] -- Found ament_cmake: 1.3.11 (/opt/ros/humble/share/ament_cmake/cmake)
[0.632s] -- Found Python3: /opt/anaconda3/bin/python3 (found version "3.12.2") found components: Interpreter 
[0.727s] -- Found ament_lint_auto: 0.12.11 (/opt/ros/humble/share/ament_lint_auto/cmake)
[0.831s] -- Added test 'cppcheck' to perform static code analysis on C / C++ code
[0.831s] -- Configured cppcheck include dirs: 
[0.831s] -- Configured cppcheck exclude dirs and/or files: 
[0.832s] -- Added test 'flake8' to check Python code syntax and style conventions
[0.834s] -- Added test 'lint_cmake' to check CMake code style
[0.835s] -- Added test 'pep257' to check Python code against some of the docstring style conventions in PEP 257
[0.840s] -- Added test 'uncrustify' to check C / C++ code style
[0.841s] -- Configured uncrustify additional arguments: 
[0.841s] -- Added test 'xmllint' to check XML markup files
[0.843s] -- Configuring done
[0.845s] -- Generating done
[0.847s] -- Build files have been written to: /home/ayush/Desktop/ROS_part_2/build/my_robot_description
[0.851s] Invoked command in '/home/ayush/Desktop/ROS_part_2/build/my_robot_description' returned '0': CMAKE_PREFIX_PATH=/opt/ros/humble /usr/bin/cmake /home/ayush/Desktop/ROS_part_2/src/my_robot_description -DCMAKE_INSTALL_PREFIX=/home/ayush/Desktop/ROS_part_2/install/my_robot_description
[0.853s] Invoking command in '/home/ayush/Desktop/ROS_part_2/build/my_robot_description': CMAKE_PREFIX_PATH=/opt/ros/humble /usr/bin/cmake --build /home/ayush/Desktop/ROS_part_2/build/my_robot_description -- -j8 -l8
[0.887s] Invoked command in '/home/ayush/Desktop/ROS_part_2/build/my_robot_description' returned '0': CMAKE_PREFIX_PATH=/opt/ros/humble /usr/bin/cmake --build /home/ayush/Desktop/ROS_part_2/build/my_robot_description -- -j8 -l8
[0.896s] Invoking command in '/home/ayush/Desktop/ROS_part_2/build/my_robot_description': CMAKE_PREFIX_PATH=/opt/ros/humble /usr/bin/cmake --install /home/ayush/Desktop/ROS_part_2/build/my_robot_description
[0.903s] -- Install configuration: ""
[0.903s] -- Installing: /home/ayush/Desktop/ROS_part_2/install/my_robot_description/share/ament_index/resource_index/package_run_dependencies/my_robot_description
[0.903s] -- Installing: /home/ayush/Desktop/ROS_part_2/install/my_robot_description/share/ament_index/resource_index/parent_prefix_path/my_robot_description
[0.903s] -- Installing: /home/ayush/Desktop/ROS_part_2/install/my_robot_description/share/my_robot_description/environment/ament_prefix_path.sh
[0.903s] -- Installing: /home/ayush/Desktop/ROS_part_2/install/my_robot_description/share/my_robot_description/environment/ament_prefix_path.dsv
[0.903s] -- Installing: /home/ayush/Desktop/ROS_part_2/install/my_robot_description/share/my_robot_description/environment/path.sh
[0.904s] -- Installing: /home/ayush/Desktop/ROS_part_2/install/my_robot_description/share/my_robot_description/environment/path.dsv
[0.904s] -- Installing: /home/ayush/Desktop/ROS_part_2/install/my_robot_description/share/my_robot_description/local_setup.bash
[0.904s] -- Installing: /home/ayush/Desktop/ROS_part_2/install/my_robot_description/share/my_robot_description/local_setup.sh
[0.904s] -- Installing: /home/ayush/Desktop/ROS_part_2/install/my_robot_description/share/my_robot_description/local_setup.zsh
[0.904s] -- Installing: /home/ayush/Desktop/ROS_part_2/install/my_robot_description/share/my_robot_description/local_setup.dsv
[0.904s] -- Installing: /home/ayush/Desktop/ROS_part_2/install/my_robot_description/share/my_robot_description/package.dsv
[0.905s] -- Installing: /home/ayush/Desktop/ROS_part_2/install/my_robot_description/share/ament_index/resource_index/packages/my_robot_description
[0.905s] -- Installing: /home/ayush/Desktop/ROS_part_2/install/my_robot_description/share/my_robot_description/cmake/my_robot_descriptionConfig.cmake
[0.905s] -- Installing: /home/ayush/Desktop/ROS_part_2/install/my_robot_description/share/my_robot_description/cmake/my_robot_descriptionConfig-version.cmake
[0.905s] -- Installing: /home/ayush/Desktop/ROS_part_2/install/my_robot_description/share/my_robot_description/package.xml
[0.909s] Invoked command in '/home/ayush/Desktop/ROS_part_2/build/my_robot_description' returned '0': CMAKE_PREFIX_PATH=/opt/ros/humble /usr/bin/cmake --install /home/ayush/Desktop/ROS_part_2/build/my_robot_description
