[0.011s] Invoking command in '/home/ayush/Desktop/ROS_part_2/build/my_robot_description': CMAKE_PREFIX_PATH=/opt/ros/humble /usr/bin/cmake --build /home/ayush/Desktop/ROS_part_2/build/my_robot_description -- -j8 -l8
[0.076s] Invoked command in '/home/ayush/Desktop/ROS_part_2/build/my_robot_description' returned '0': CMAKE_PREFIX_PATH=/opt/ros/humble /usr/bin/cmake --build /home/ayush/Desktop/ROS_part_2/build/my_robot_description -- -j8 -l8
[0.087s] Invoking command in '/home/ayush/Desktop/ROS_part_2/build/my_robot_description': CMAKE_PREFIX_PATH=/opt/ros/humble /usr/bin/cmake --install /home/ayush/Desktop/ROS_part_2/build/my_robot_description
[0.095s] -- Install configuration: ""
[0.096s] -- Execute custom install script
[0.098s] -- Up-to-date symlink: /home/ayush/Desktop/ROS_part_2/install/my_robot_description/share/my_robot_description/urdf/arm.xacro
[0.099s] -- Up-to-date symlink: /home/ayush/Desktop/ROS_part_2/install/my_robot_description/share/my_robot_description/urdf/arm_gazebo.xacro
[0.100s] -- Up-to-date symlink: /home/ayush/Desktop/ROS_part_2/install/my_robot_description/share/my_robot_description/urdf/camera.xacro
[0.100s] -- Up-to-date symlink: /home/ayush/Desktop/ROS_part_2/install/my_robot_description/share/my_robot_description/urdf/common_properties.xacro
[0.100s] -- Up-to-date symlink: /home/ayush/Desktop/ROS_part_2/install/my_robot_description/share/my_robot_description/urdf/mobile_base.xacro
[0.100s] -- Up-to-date symlink: /home/ayush/Desktop/ROS_part_2/install/my_robot_description/share/my_robot_description/urdf/mobile_base_gazebo.xacro
[0.101s] -- Up-to-date symlink: /home/ayush/Desktop/ROS_part_2/install/my_robot_description/share/my_robot_description/urdf/my_robot.urdf.xacro
[0.101s] -- Up-to-date symlink: /home/ayush/Desktop/ROS_part_2/install/my_robot_description/share/my_robot_description/urdf/standalone_arm.urdf.xacro
[0.101s] -- Up-to-date symlink: /home/ayush/Desktop/ROS_part_2/install/my_robot_description/share/my_robot_description/launch/display.launch.xml
[0.102s] -- Up-to-date symlink: /home/ayush/Desktop/ROS_part_2/install/my_robot_description/share/my_robot_description/rviz/robot_config.rviz
[0.102s] -- Up-to-date symlink: /home/ayush/Desktop/ROS_part_2/install/my_robot_description/share/ament_index/resource_index/package_run_dependencies/my_robot_description
[0.103s] -- Up-to-date symlink: /home/ayush/Desktop/ROS_part_2/install/my_robot_description/share/ament_index/resource_index/parent_prefix_path/my_robot_description
[0.103s] -- Up-to-date symlink: /home/ayush/Desktop/ROS_part_2/install/my_robot_description/share/my_robot_description/environment/ament_prefix_path.sh
[0.103s] -- Up-to-date symlink: /home/ayush/Desktop/ROS_part_2/install/my_robot_description/share/my_robot_description/environment/ament_prefix_path.dsv
[0.103s] -- Up-to-date symlink: /home/ayush/Desktop/ROS_part_2/install/my_robot_description/share/my_robot_description/environment/path.sh
[0.104s] -- Up-to-date symlink: /home/ayush/Desktop/ROS_part_2/install/my_robot_description/share/my_robot_description/environment/path.dsv
[0.104s] -- Up-to-date symlink: /home/ayush/Desktop/ROS_part_2/install/my_robot_description/share/my_robot_description/local_setup.bash
[0.104s] -- Up-to-date symlink: /home/ayush/Desktop/ROS_part_2/install/my_robot_description/share/my_robot_description/local_setup.sh
[0.104s] -- Up-to-date symlink: /home/ayush/Desktop/ROS_part_2/install/my_robot_description/share/my_robot_description/local_setup.zsh
[0.105s] -- Up-to-date symlink: /home/ayush/Desktop/ROS_part_2/install/my_robot_description/share/my_robot_description/local_setup.dsv
[0.105s] -- Symlinking: /home/ayush/Desktop/ROS_part_2/install/my_robot_description/share/my_robot_description/package.dsv
[0.114s] -- Up-to-date symlink: /home/ayush/Desktop/ROS_part_2/install/my_robot_description/share/ament_index/resource_index/packages/my_robot_description
[0.114s] -- Up-to-date symlink: /home/ayush/Desktop/ROS_part_2/install/my_robot_description/share/my_robot_description/cmake/my_robot_descriptionConfig.cmake
[0.115s] -- Up-to-date symlink: /home/ayush/Desktop/ROS_part_2/install/my_robot_description/share/my_robot_description/cmake/my_robot_descriptionConfig-version.cmake
[0.115s] -- Up-to-date symlink: /home/ayush/Desktop/ROS_part_2/install/my_robot_description/share/my_robot_description/package.xml
[0.117s] Invoked command in '/home/ayush/Desktop/ROS_part_2/build/my_robot_description' returned '0': CMAKE_PREFIX_PATH=/opt/ros/humble /usr/bin/cmake --install /home/ayush/Desktop/ROS_part_2/build/my_robot_description
