[0.014s] Invoking command in '/home/ayush/Desktop/ROS_part_2/build/my_robot_description': CMAKE_PREFIX_PATH=${CMAKE_PREFIX_PATH}:/opt/ros/humble /usr/bin/cmake --build /home/ayush/Desktop/ROS_part_2/build/my_robot_description -- -j8 -l8
[0.044s] -- Found ament_cmake: 1.3.11 (/opt/ros/humble/share/ament_cmake/cmake)
[0.401s] -- Configuring done
[0.407s] -- Generating done
[0.411s] -- Build files have been written to: /home/ayush/Desktop/ROS_part_2/build/my_robot_description
[0.439s] Invoked command in '/home/ayush/Desktop/ROS_part_2/build/my_robot_description' returned '0': CMAKE_PREFIX_PATH=${CMAKE_PREFIX_PATH}:/opt/ros/humble /usr/bin/cmake --build /home/ayush/Desktop/ROS_part_2/build/my_robot_description -- -j8 -l8
[0.451s] Invoking command in '/home/ayush/Desktop/ROS_part_2/build/my_robot_description': CMAKE_PREFIX_PATH=${CMAKE_PREFIX_PATH}:/opt/ros/humble /usr/bin/cmake --install /home/ayush/Desktop/ROS_part_2/build/my_robot_description
[0.458s] -- Install configuration: ""
[0.458s] -- Up-to-date: /home/ayush/Desktop/ROS_part_2/install/my_robot_description/share/my_robot_description/urdf
[0.458s] -- Up-to-date: /home/ayush/Desktop/ROS_part_2/install/my_robot_description/share/my_robot_description/urdf/my_robot.urdf
[0.458s] -- Up-to-date: /home/ayush/Desktop/ROS_part_2/install/my_robot_description/share/my_robot_description/launch
[0.458s] -- Installing: /home/ayush/Desktop/ROS_part_2/install/my_robot_description/share/my_robot_description/launch/display.launch.xml
[0.458s] -- Installing: /home/ayush/Desktop/ROS_part_2/install/my_robot_description/share/my_robot_description/rviz
[0.459s] -- Installing: /home/ayush/Desktop/ROS_part_2/install/my_robot_description/share/my_robot_description/rviz/robot_config.rviz
[0.459s] -- Up-to-date: /home/ayush/Desktop/ROS_part_2/install/my_robot_description/share/ament_index/resource_index/package_run_dependencies/my_robot_description
[0.459s] -- Installing: /home/ayush/Desktop/ROS_part_2/install/my_robot_description/share/ament_index/resource_index/parent_prefix_path/my_robot_description
[0.459s] -- Up-to-date: /home/ayush/Desktop/ROS_part_2/install/my_robot_description/share/my_robot_description/environment/ament_prefix_path.sh
[0.459s] -- Installing: /home/ayush/Desktop/ROS_part_2/install/my_robot_description/share/my_robot_description/environment/ament_prefix_path.dsv
[0.459s] -- Up-to-date: /home/ayush/Desktop/ROS_part_2/install/my_robot_description/share/my_robot_description/environment/path.sh
[0.459s] -- Installing: /home/ayush/Desktop/ROS_part_2/install/my_robot_description/share/my_robot_description/environment/path.dsv
[0.459s] -- Up-to-date: /home/ayush/Desktop/ROS_part_2/install/my_robot_description/share/my_robot_description/local_setup.bash
[0.459s] -- Up-to-date: /home/ayush/Desktop/ROS_part_2/install/my_robot_description/share/my_robot_description/local_setup.sh
[0.460s] -- Up-to-date: /home/ayush/Desktop/ROS_part_2/install/my_robot_description/share/my_robot_description/local_setup.zsh
[0.460s] -- Installing: /home/ayush/Desktop/ROS_part_2/install/my_robot_description/share/my_robot_description/local_setup.dsv
[0.460s] -- Installing: /home/ayush/Desktop/ROS_part_2/install/my_robot_description/share/my_robot_description/package.dsv
[0.460s] -- Up-to-date: /home/ayush/Desktop/ROS_part_2/install/my_robot_description/share/ament_index/resource_index/packages/my_robot_description
[0.460s] -- Up-to-date: /home/ayush/Desktop/ROS_part_2/install/my_robot_description/share/my_robot_description/cmake/my_robot_descriptionConfig.cmake
[0.460s] -- Up-to-date: /home/ayush/Desktop/ROS_part_2/install/my_robot_description/share/my_robot_description/cmake/my_robot_descriptionConfig-version.cmake
[0.460s] -- Up-to-date: /home/ayush/Desktop/ROS_part_2/install/my_robot_description/share/my_robot_description/package.xml
[0.462s] Invoked command in '/home/ayush/Desktop/ROS_part_2/build/my_robot_description' returned '0': CMAKE_PREFIX_PATH=${CMAKE_PREFIX_PATH}:/opt/ros/humble /usr/bin/cmake --install /home/ayush/Desktop/ROS_part_2/build/my_robot_description
