[0.008s] Invoking command in '/home/ayush/Desktop/ROS_part_2/build/my_robot_bringup': CMAKE_PREFIX_PATH=${CMAKE_PREFIX_PATH}:/opt/ros/humble /usr/bin/cmake /home/ayush/Desktop/ROS_part_2/src/my_robot_bringup -DCMAKE_INSTALL_PREFIX=/home/ayush/Desktop/ROS_part_2/install/my_robot_bringup
[0.138s] -- The C compiler identification is GNU 11.4.0
[0.258s] -- The CXX compiler identification is GNU 11.4.0
[0.272s] -- Detecting C compiler ABI info
[0.348s] -- Detecting C compiler ABI info - done
[0.361s] -- Check for working C compiler: /usr/bin/cc - skipped
[0.361s] -- Detecting C compile features
[0.362s] -- Detecting C compile features - done
[0.366s] -- Detecting CXX compiler ABI info
[0.450s] -- Detecting CXX compiler ABI info - done
[0.464s] -- Check for working CXX compiler: /usr/bin/c++ - skipped
[0.465s] -- Detecting CXX compile features
[0.465s] -- Detecting CXX compile features - done
[0.468s] -- Found ament_cmake: 1.3.11 (/opt/ros/humble/share/ament_cmake/cmake)
[0.624s] -- Found Python3: /usr/bin/python3 (found version "3.10.12") found components: Interpreter 
[0.792s] -- Configuring done
[0.796s] -- Generating done
[0.798s] -- Build files have been written to: /home/ayush/Desktop/ROS_part_2/build/my_robot_bringup
[0.805s] Invoked command in '/home/ayush/Desktop/ROS_part_2/build/my_robot_bringup' returned '0': CMAKE_PREFIX_PATH=${CMAKE_PREFIX_PATH}:/opt/ros/humble /usr/bin/cmake /home/ayush/Desktop/ROS_part_2/src/my_robot_bringup -DCMAKE_INSTALL_PREFIX=/home/ayush/Desktop/ROS_part_2/install/my_robot_bringup
[0.807s] Invoking command in '/home/ayush/Desktop/ROS_part_2/build/my_robot_bringup': CMAKE_PREFIX_PATH=${CMAKE_PREFIX_PATH}:/opt/ros/humble /usr/bin/cmake --build /home/ayush/Desktop/ROS_part_2/build/my_robot_bringup -- -j8 -l8
[0.847s] Invoked command in '/home/ayush/Desktop/ROS_part_2/build/my_robot_bringup' returned '0': CMAKE_PREFIX_PATH=${CMAKE_PREFIX_PATH}:/opt/ros/humble /usr/bin/cmake --build /home/ayush/Desktop/ROS_part_2/build/my_robot_bringup -- -j8 -l8
[0.849s] Invoking command in '/home/ayush/Desktop/ROS_part_2/build/my_robot_bringup': CMAKE_PREFIX_PATH=${CMAKE_PREFIX_PATH}:/opt/ros/humble /usr/bin/cmake --install /home/ayush/Desktop/ROS_part_2/build/my_robot_bringup
[0.857s] -- Install configuration: ""
[0.857s] -- Installing: /home/ayush/Desktop/ROS_part_2/install/my_robot_bringup/share/my_robot_bringup/launch
[0.858s] -- Installing: /home/ayush/Desktop/ROS_part_2/install/my_robot_bringup/share/my_robot_bringup/launch/my_robot_gazebo.launch.xml
[0.858s] -- Installing: /home/ayush/Desktop/ROS_part_2/install/my_robot_bringup/share/ament_index/resource_index/package_run_dependencies/my_robot_bringup
[0.858s] -- Installing: /home/ayush/Desktop/ROS_part_2/install/my_robot_bringup/share/ament_index/resource_index/parent_prefix_path/my_robot_bringup
[0.858s] -- Installing: /home/ayush/Desktop/ROS_part_2/install/my_robot_bringup/share/my_robot_bringup/environment/ament_prefix_path.sh
[0.858s] -- Installing: /home/ayush/Desktop/ROS_part_2/install/my_robot_bringup/share/my_robot_bringup/environment/ament_prefix_path.dsv
[0.858s] -- Installing: /home/ayush/Desktop/ROS_part_2/install/my_robot_bringup/share/my_robot_bringup/environment/path.sh
[0.859s] -- Installing: /home/ayush/Desktop/ROS_part_2/install/my_robot_bringup/share/my_robot_bringup/environment/path.dsv
[0.859s] -- Installing: /home/ayush/Desktop/ROS_part_2/install/my_robot_bringup/share/my_robot_bringup/local_setup.bash
[0.859s] -- Installing: /home/ayush/Desktop/ROS_part_2/install/my_robot_bringup/share/my_robot_bringup/local_setup.sh
[0.859s] -- Installing: /home/ayush/Desktop/ROS_part_2/install/my_robot_bringup/share/my_robot_bringup/local_setup.zsh
[0.859s] -- Installing: /home/ayush/Desktop/ROS_part_2/install/my_robot_bringup/share/my_robot_bringup/local_setup.dsv
[0.859s] -- Installing: /home/ayush/Desktop/ROS_part_2/install/my_robot_bringup/share/my_robot_bringup/package.dsv
[0.860s] -- Installing: /home/ayush/Desktop/ROS_part_2/install/my_robot_bringup/share/ament_index/resource_index/packages/my_robot_bringup
[0.860s] -- Installing: /home/ayush/Desktop/ROS_part_2/install/my_robot_bringup/share/my_robot_bringup/cmake/my_robot_bringupConfig.cmake
[0.860s] -- Installing: /home/ayush/Desktop/ROS_part_2/install/my_robot_bringup/share/my_robot_bringup/cmake/my_robot_bringupConfig-version.cmake
[0.860s] -- Installing: /home/ayush/Desktop/ROS_part_2/install/my_robot_bringup/share/my_robot_bringup/package.xml
[0.863s] Invoked command in '/home/ayush/Desktop/ROS_part_2/build/my_robot_bringup' returned '0': CMAKE_PREFIX_PATH=${CMAKE_PREFIX_PATH}:/opt/ros/humble /usr/bin/cmake --install /home/ayush/Desktop/ROS_part_2/build/my_robot_bringup
