[0.009s] Invoking command in '/home/ayush/Desktop/ROS_part_2/src/build/my_robot_description': CMAKE_PREFIX_PATH=/opt/ros/humble /usr/bin/cmake /home/ayush/Desktop/ROS_part_2/src/my_robot_description -DCMAKE_INSTALL_PREFIX=/home/ayush/Desktop/ROS_part_2/src/install/my_robot_description
[0.021s] -- Found ament_cmake: 1.3.11 (/opt/ros/humble/share/ament_cmake/cmake)
[0.151s] -- Found ament_lint_auto: 0.12.11 (/opt/ros/humble/share/ament_lint_auto/cmake)
[0.177s] Traceback (most recent call last):
[0.177s]   File "/opt/ros/humble/share/ament_cmake_core/cmake/core/package_xml_2_cmake.py", line 22, in <module>
[0.177s]     from catkin_pkg.package import parse_package_string
[0.177s] ModuleNotFoundError: No module named 'catkin_pkg'
[0.179s] [31mCMake Error at /opt/ros/humble/share/ament_cmake_core/cmake/core/ament_package_xml.cmake:95 (message):
[0.179s]   execute_process(/opt/anaconda3/bin/python3
[0.179s]   /opt/ros/humble/share/ament_cmake_core/cmake/core/package_xml_2_cmake.py
[0.179s]   /home/ayush/Desktop/ROS_part_2/src/my_robot_description/package.xml
[0.179s]   /home/ayush/Desktop/ROS_part_2/src/build/my_robot_description/ament_cmake_core/package.cmake)
[0.179s]   returned error code 1
[0.179s] Call Stack (most recent call first):
[0.179s]   /opt/ros/humble/share/ament_cmake_core/cmake/core/ament_package_xml.cmake:49 (_ament_package_xml)
[0.179s]   /opt/ros/humble/share/ament_lint_auto/cmake/ament_lint_auto_find_test_dependencies.cmake:31 (ament_package_xml)
[0.179s]   CMakeLists.txt:23 (ament_lint_auto_find_test_dependencies)
[0.179s] 
[0.179s] [0m
[0.180s] -- Configuring incomplete, errors occurred!
[0.180s] See also "/home/ayush/Desktop/ROS_part_2/src/build/my_robot_description/CMakeFiles/CMakeOutput.log".
[0.182s] Invoked command in '/home/ayush/Desktop/ROS_part_2/src/build/my_robot_description' returned '1': CMAKE_PREFIX_PATH=/opt/ros/humble /usr/bin/cmake /home/ayush/Desktop/ROS_part_2/src/my_robot_description -DCMAKE_INSTALL_PREFIX=/home/ayush/Desktop/ROS_part_2/src/install/my_robot_description
