[0.219s] DEBUG:colcon:Command line arguments: ['/usr/bin/colcon', 'build']
[0.219s] DEBUG:colcon:Parsed command line arguments: Namespace(log_base=None, log_level=None, verb_name='build', build_base='build', install_base='install', merge_install=False, symlink_install=False, test_result_base=None, continue_on_error=False, executor='parallel', parallel_workers=8, event_handlers=None, ignore_user_meta=False, metas=['./colcon.meta'], base_paths=['.'], packages_ignore=None, packages_ignore_regex=None, paths=None, packages_up_to=None, packages_up_to_regex=None, packages_above=None, packages_above_and_dependencies=None, packages_above_depth=None, packages_select_by_dep=None, packages_skip_by_dep=None, packages_skip_up_to=None, packages_select_build_failed=False, packages_skip_build_finished=False, packages_select_test_failures=False, packages_skip_test_passed=False, packages_select=None, packages_skip=None, packages_select_regex=None, packages_skip_regex=None, packages_start=None, packages_end=None, allow_overriding=[], cmake_args=None, cmake_target=None, cmake_target_skip_unavailable=False, cmake_clean_cache=False, cmake_clean_first=False, cmake_force_configure=False, ament_cmake_args=None, catkin_cmake_args=None, catkin_skip_building_tests=False, verb_parser=<colcon_defaults.argument_parser.defaults.DefaultArgumentsDecorator object at 0x79e85c30c850>, verb_extension=<colcon_core.verb.build.BuildVerb object at 0x79e85c461c90>, main=<bound method BuildVerb.main of <colcon_core.verb.build.BuildVerb object at 0x79e85c461c90>>)
[0.659s] Level 1:colcon.colcon_core.package_discovery:discover_packages(colcon_meta) check parameters
[0.659s] Level 1:colcon.colcon_core.package_discovery:discover_packages(recursive) check parameters
[0.659s] Level 1:colcon.colcon_core.package_discovery:discover_packages(ignore) check parameters
[0.659s] Level 1:colcon.colcon_core.package_discovery:discover_packages(path) check parameters
[0.659s] Level 1:colcon.colcon_core.package_discovery:discover_packages(colcon_meta) discover
[0.660s] Level 1:colcon.colcon_core.package_discovery:discover_packages(recursive) discover
[0.660s] INFO:colcon.colcon_core.package_discovery:Crawling recursively for packages in '/home/ayush/Desktop/ROS_part_2'
[0.660s] Level 1:colcon.colcon_core.package_identification:_identify(.) by extensions ['ignore', 'ignore_ament_install']
[0.660s] Level 1:colcon.colcon_core.package_identification:_identify(.) by extension 'ignore'
[0.660s] Level 1:colcon.colcon_core.package_identification:_identify(.) by extension 'ignore_ament_install'
[0.660s] Level 1:colcon.colcon_core.package_identification:_identify(.) by extensions ['colcon_pkg']
[0.660s] Level 1:colcon.colcon_core.package_identification:_identify(.) by extension 'colcon_pkg'
[0.661s] Level 1:colcon.colcon_core.package_identification:_identify(.) by extensions ['colcon_meta']
[0.661s] Level 1:colcon.colcon_core.package_identification:_identify(.) by extension 'colcon_meta'
[0.661s] Level 1:colcon.colcon_core.package_identification:_identify(.) by extensions ['ros']
[0.661s] Level 1:colcon.colcon_core.package_identification:_identify(.) by extension 'ros'
[0.674s] Level 1:colcon.colcon_core.package_identification:_identify(.) by extensions ['cmake', 'python']
[0.674s] Level 1:colcon.colcon_core.package_identification:_identify(.) by extension 'cmake'
[0.674s] Level 1:colcon.colcon_core.package_identification:_identify(.) by extension 'python'
[0.674s] Level 1:colcon.colcon_core.package_identification:_identify(.) by extensions ['python_setup_py']
[0.674s] Level 1:colcon.colcon_core.package_identification:_identify(.) by extension 'python_setup_py'
[0.674s] Level 1:colcon.colcon_core.package_identification:_identify(build) by extensions ['ignore', 'ignore_ament_install']
[0.674s] Level 1:colcon.colcon_core.package_identification:_identify(build) by extension 'ignore'
[0.674s] Level 1:colcon.colcon_core.package_identification:_identify(build) ignored
[0.674s] Level 1:colcon.colcon_core.package_identification:_identify(install) by extensions ['ignore', 'ignore_ament_install']
[0.675s] Level 1:colcon.colcon_core.package_identification:_identify(install) by extension 'ignore'
[0.675s] Level 1:colcon.colcon_core.package_identification:_identify(install) ignored
[0.675s] Level 1:colcon.colcon_core.package_identification:_identify(log) by extensions ['ignore', 'ignore_ament_install']
[0.675s] Level 1:colcon.colcon_core.package_identification:_identify(log) by extension 'ignore'
[0.675s] Level 1:colcon.colcon_core.package_identification:_identify(log) ignored
[0.675s] Level 1:colcon.colcon_core.package_identification:_identify(src) by extensions ['ignore', 'ignore_ament_install']
[0.675s] Level 1:colcon.colcon_core.package_identification:_identify(src) by extension 'ignore'
[0.675s] Level 1:colcon.colcon_core.package_identification:_identify(src) by extension 'ignore_ament_install'
[0.675s] Level 1:colcon.colcon_core.package_identification:_identify(src) by extensions ['colcon_pkg']
[0.675s] Level 1:colcon.colcon_core.package_identification:_identify(src) by extension 'colcon_pkg'
[0.676s] Level 1:colcon.colcon_core.package_identification:_identify(src) by extensions ['colcon_meta']
[0.676s] Level 1:colcon.colcon_core.package_identification:_identify(src) by extension 'colcon_meta'
[0.676s] Level 1:colcon.colcon_core.package_identification:_identify(src) by extensions ['ros']
[0.676s] Level 1:colcon.colcon_core.package_identification:_identify(src) by extension 'ros'
[0.676s] Level 1:colcon.colcon_core.package_identification:_identify(src) by extensions ['cmake', 'python']
[0.676s] Level 1:colcon.colcon_core.package_identification:_identify(src) by extension 'cmake'
[0.676s] Level 1:colcon.colcon_core.package_identification:_identify(src) by extension 'python'
[0.676s] Level 1:colcon.colcon_core.package_identification:_identify(src) by extensions ['python_setup_py']
[0.676s] Level 1:colcon.colcon_core.package_identification:_identify(src) by extension 'python_setup_py'
[0.676s] Level 1:colcon.colcon_core.package_identification:_identify(src/build) by extensions ['ignore', 'ignore_ament_install']
[0.676s] Level 1:colcon.colcon_core.package_identification:_identify(src/build) by extension 'ignore'
[0.677s] Level 1:colcon.colcon_core.package_identification:_identify(src/build) ignored
[0.677s] Level 1:colcon.colcon_core.package_identification:_identify(src/install) by extensions ['ignore', 'ignore_ament_install']
[0.677s] Level 1:colcon.colcon_core.package_identification:_identify(src/install) by extension 'ignore'
[0.677s] Level 1:colcon.colcon_core.package_identification:_identify(src/install) ignored
[0.677s] Level 1:colcon.colcon_core.package_identification:_identify(src/log) by extensions ['ignore', 'ignore_ament_install']
[0.677s] Level 1:colcon.colcon_core.package_identification:_identify(src/log) by extension 'ignore'
[0.677s] Level 1:colcon.colcon_core.package_identification:_identify(src/log) ignored
[0.677s] Level 1:colcon.colcon_core.package_identification:_identify(src/my_robot_bringup) by extensions ['ignore', 'ignore_ament_install']
[0.677s] Level 1:colcon.colcon_core.package_identification:_identify(src/my_robot_bringup) by extension 'ignore'
[0.677s] Level 1:colcon.colcon_core.package_identification:_identify(src/my_robot_bringup) by extension 'ignore_ament_install'
[0.677s] Level 1:colcon.colcon_core.package_identification:_identify(src/my_robot_bringup) by extensions ['colcon_pkg']
[0.677s] Level 1:colcon.colcon_core.package_identification:_identify(src/my_robot_bringup) by extension 'colcon_pkg'
[0.677s] Level 1:colcon.colcon_core.package_identification:_identify(src/my_robot_bringup) by extensions ['colcon_meta']
[0.678s] Level 1:colcon.colcon_core.package_identification:_identify(src/my_robot_bringup) by extension 'colcon_meta'
[0.678s] Level 1:colcon.colcon_core.package_identification:_identify(src/my_robot_bringup) by extensions ['ros']
[0.678s] Level 1:colcon.colcon_core.package_identification:_identify(src/my_robot_bringup) by extension 'ros'
[0.680s] DEBUG:colcon.colcon_core.package_identification:Package 'src/my_robot_bringup' with type 'ros.ament_cmake' and name 'my_robot_bringup'
[0.680s] Level 1:colcon.colcon_core.package_identification:_identify(src/my_robot_description) by extensions ['ignore', 'ignore_ament_install']
[0.680s] Level 1:colcon.colcon_core.package_identification:_identify(src/my_robot_description) by extension 'ignore'
[0.680s] Level 1:colcon.colcon_core.package_identification:_identify(src/my_robot_description) by extension 'ignore_ament_install'
[0.681s] Level 1:colcon.colcon_core.package_identification:_identify(src/my_robot_description) by extensions ['colcon_pkg']
[0.681s] Level 1:colcon.colcon_core.package_identification:_identify(src/my_robot_description) by extension 'colcon_pkg'
[0.681s] Level 1:colcon.colcon_core.package_identification:_identify(src/my_robot_description) by extensions ['colcon_meta']
[0.681s] Level 1:colcon.colcon_core.package_identification:_identify(src/my_robot_description) by extension 'colcon_meta'
[0.681s] Level 1:colcon.colcon_core.package_identification:_identify(src/my_robot_description) by extensions ['ros']
[0.681s] Level 1:colcon.colcon_core.package_identification:_identify(src/my_robot_description) by extension 'ros'
[0.681s] DEBUG:colcon.colcon_core.package_identification:Package 'src/my_robot_description' with type 'ros.ament_cmake' and name 'my_robot_description'
[0.681s] Level 1:colcon.colcon_core.package_discovery:discover_packages(recursive) using defaults
[0.681s] Level 1:colcon.colcon_core.package_discovery:discover_packages(ignore) discover
[0.681s] Level 1:colcon.colcon_core.package_discovery:discover_packages(ignore) using defaults
[0.681s] Level 1:colcon.colcon_core.package_discovery:discover_packages(path) discover
[0.681s] Level 1:colcon.colcon_core.package_discovery:discover_packages(path) using defaults
[0.716s] Level 1:colcon.colcon_core.package_discovery:discover_packages(prefix_path) check parameters
[0.716s] Level 1:colcon.colcon_core.package_discovery:discover_packages(prefix_path) discover
[0.719s] DEBUG:colcon.colcon_installed_package_information.package_discovery:Found 2 installed packages in /home/ayush/Desktop/ROS_part_2/install
[0.721s] DEBUG:colcon.colcon_installed_package_information.package_discovery:Found 295 installed packages in /opt/ros/humble
[0.722s] Level 1:colcon.colcon_core.package_discovery:discover_packages(prefix_path) using defaults
[0.772s] Level 5:colcon.colcon_core.verb:set package 'my_robot_description' build argument 'cmake_args' from command line to 'None'
[0.772s] Level 5:colcon.colcon_core.verb:set package 'my_robot_description' build argument 'cmake_target' from command line to 'None'
[0.772s] Level 5:colcon.colcon_core.verb:set package 'my_robot_description' build argument 'cmake_target_skip_unavailable' from command line to 'False'
[0.772s] Level 5:colcon.colcon_core.verb:set package 'my_robot_description' build argument 'cmake_clean_cache' from command line to 'False'
[0.772s] Level 5:colcon.colcon_core.verb:set package 'my_robot_description' build argument 'cmake_clean_first' from command line to 'False'
[0.772s] Level 5:colcon.colcon_core.verb:set package 'my_robot_description' build argument 'cmake_force_configure' from command line to 'False'
[0.772s] Level 5:colcon.colcon_core.verb:set package 'my_robot_description' build argument 'ament_cmake_args' from command line to 'None'
[0.772s] Level 5:colcon.colcon_core.verb:set package 'my_robot_description' build argument 'catkin_cmake_args' from command line to 'None'
[0.772s] Level 5:colcon.colcon_core.verb:set package 'my_robot_description' build argument 'catkin_skip_building_tests' from command line to 'False'
[0.772s] DEBUG:colcon.colcon_core.verb:Building package 'my_robot_description' with the following arguments: {'ament_cmake_args': None, 'build_base': '/home/ayush/Desktop/ROS_part_2/build/my_robot_description', 'catkin_cmake_args': None, 'catkin_skip_building_tests': False, 'cmake_args': None, 'cmake_clean_cache': False, 'cmake_clean_first': False, 'cmake_force_configure': False, 'cmake_target': None, 'cmake_target_skip_unavailable': False, 'install_base': '/home/ayush/Desktop/ROS_part_2/install/my_robot_description', 'merge_install': False, 'path': '/home/ayush/Desktop/ROS_part_2/src/my_robot_description', 'symlink_install': False, 'test_result_base': None}
[0.772s] Level 5:colcon.colcon_core.verb:set package 'my_robot_bringup' build argument 'cmake_args' from command line to 'None'
[0.772s] Level 5:colcon.colcon_core.verb:set package 'my_robot_bringup' build argument 'cmake_target' from command line to 'None'
[0.773s] Level 5:colcon.colcon_core.verb:set package 'my_robot_bringup' build argument 'cmake_target_skip_unavailable' from command line to 'False'
[0.773s] Level 5:colcon.colcon_core.verb:set package 'my_robot_bringup' build argument 'cmake_clean_cache' from command line to 'False'
[0.773s] Level 5:colcon.colcon_core.verb:set package 'my_robot_bringup' build argument 'cmake_clean_first' from command line to 'False'
[0.773s] Level 5:colcon.colcon_core.verb:set package 'my_robot_bringup' build argument 'cmake_force_configure' from command line to 'False'
[0.773s] Level 5:colcon.colcon_core.verb:set package 'my_robot_bringup' build argument 'ament_cmake_args' from command line to 'None'
[0.773s] Level 5:colcon.colcon_core.verb:set package 'my_robot_bringup' build argument 'catkin_cmake_args' from command line to 'None'
[0.773s] Level 5:colcon.colcon_core.verb:set package 'my_robot_bringup' build argument 'catkin_skip_building_tests' from command line to 'False'
[0.773s] DEBUG:colcon.colcon_core.verb:Building package 'my_robot_bringup' with the following arguments: {'ament_cmake_args': None, 'build_base': '/home/ayush/Desktop/ROS_part_2/build/my_robot_bringup', 'catkin_cmake_args': None, 'catkin_skip_building_tests': False, 'cmake_args': None, 'cmake_clean_cache': False, 'cmake_clean_first': False, 'cmake_force_configure': False, 'cmake_target': None, 'cmake_target_skip_unavailable': False, 'install_base': '/home/ayush/Desktop/ROS_part_2/install/my_robot_bringup', 'merge_install': False, 'path': '/home/ayush/Desktop/ROS_part_2/src/my_robot_bringup', 'symlink_install': False, 'test_result_base': None}
[0.773s] INFO:colcon.colcon_core.executor:Executing jobs using 'parallel' executor
[0.774s] DEBUG:colcon.colcon_parallel_executor.executor.parallel:run_until_complete
[0.774s] INFO:colcon.colcon_ros.task.ament_cmake.build:Building ROS package in '/home/ayush/Desktop/ROS_part_2/src/my_robot_description' with build type 'ament_cmake'
[0.775s] INFO:colcon.colcon_cmake.task.cmake.build:Building CMake package in '/home/ayush/Desktop/ROS_part_2/src/my_robot_description'
[0.778s] INFO:colcon.colcon_core.plugin_system:Skipping extension 'colcon_core.shell.bat': Not used on non-Windows systems
[0.778s] INFO:colcon.colcon_core.shell:Skip shell extension 'powershell' for command environment: Not usable outside of PowerShell
[0.778s] DEBUG:colcon.colcon_core.shell:Skip shell extension 'dsv' for command environment
[0.796s] DEBUG:colcon.colcon_core.event_handler.log_command:Invoking command in '/home/ayush/Desktop/ROS_part_2/build/my_robot_description': CMAKE_PREFIX_PATH=${CMAKE_PREFIX_PATH}:/opt/ros/humble /usr/bin/cmake --build /home/ayush/Desktop/ROS_part_2/build/my_robot_description -- -j8 -l8
[0.841s] DEBUG:colcon.colcon_core.event_handler.log_command:Invoked command in '/home/ayush/Desktop/ROS_part_2/build/my_robot_description' returned '0': CMAKE_PREFIX_PATH=${CMAKE_PREFIX_PATH}:/opt/ros/humble /usr/bin/cmake --build /home/ayush/Desktop/ROS_part_2/build/my_robot_description -- -j8 -l8
[0.852s] DEBUG:colcon.colcon_core.event_handler.log_command:Invoking command in '/home/ayush/Desktop/ROS_part_2/build/my_robot_description': CMAKE_PREFIX_PATH=${CMAKE_PREFIX_PATH}:/opt/ros/humble /usr/bin/cmake --install /home/ayush/Desktop/ROS_part_2/build/my_robot_description
[0.878s] Level 1:colcon.colcon_core.environment:create_environment_scripts_only(my_robot_description)
[0.879s] DEBUG:colcon.colcon_core.event_handler.log_command:Invoked command in '/home/ayush/Desktop/ROS_part_2/build/my_robot_description' returned '0': CMAKE_PREFIX_PATH=${CMAKE_PREFIX_PATH}:/opt/ros/humble /usr/bin/cmake --install /home/ayush/Desktop/ROS_part_2/build/my_robot_description
[0.883s] Level 1:colcon.colcon_core.environment:checking '/home/ayush/Desktop/ROS_part_2/install/my_robot_description' for CMake module files
[0.884s] Level 1:colcon.colcon_core.environment:checking '/home/ayush/Desktop/ROS_part_2/install/my_robot_description' for CMake config files
[0.884s] Level 1:colcon.colcon_core.shell:create_environment_hook('my_robot_description', 'cmake_prefix_path')
[0.884s] INFO:colcon.colcon_core.shell:Creating environment hook '/home/ayush/Desktop/ROS_part_2/install/my_robot_description/share/my_robot_description/hook/cmake_prefix_path.ps1'
[0.885s] INFO:colcon.colcon_core.shell:Creating environment descriptor '/home/ayush/Desktop/ROS_part_2/install/my_robot_description/share/my_robot_description/hook/cmake_prefix_path.dsv'
[0.886s] INFO:colcon.colcon_core.shell:Creating environment hook '/home/ayush/Desktop/ROS_part_2/install/my_robot_description/share/my_robot_description/hook/cmake_prefix_path.sh'
[0.886s] Level 1:colcon.colcon_core.environment:checking '/home/ayush/Desktop/ROS_part_2/install/my_robot_description/bin'
[0.887s] Level 1:colcon.colcon_core.environment:checking '/home/ayush/Desktop/ROS_part_2/install/my_robot_description/lib/pkgconfig/my_robot_description.pc'
[0.887s] Level 1:colcon.colcon_core.environment:checking '/home/ayush/Desktop/ROS_part_2/install/my_robot_description/lib/python3.10/site-packages'
[0.887s] Level 1:colcon.colcon_core.environment:checking '/home/ayush/Desktop/ROS_part_2/install/my_robot_description/bin'
[0.887s] INFO:colcon.colcon_core.shell:Creating package script '/home/ayush/Desktop/ROS_part_2/install/my_robot_description/share/my_robot_description/package.ps1'
[0.888s] INFO:colcon.colcon_core.shell:Creating package descriptor '/home/ayush/Desktop/ROS_part_2/install/my_robot_description/share/my_robot_description/package.dsv'
[0.889s] INFO:colcon.colcon_core.shell:Creating package script '/home/ayush/Desktop/ROS_part_2/install/my_robot_description/share/my_robot_description/package.sh'
[0.889s] INFO:colcon.colcon_core.shell:Creating package script '/home/ayush/Desktop/ROS_part_2/install/my_robot_description/share/my_robot_description/package.bash'
[0.890s] INFO:colcon.colcon_core.shell:Creating package script '/home/ayush/Desktop/ROS_part_2/install/my_robot_description/share/my_robot_description/package.zsh'
[0.891s] Level 1:colcon.colcon_core.environment:create_file_with_runtime_dependencies(/home/ayush/Desktop/ROS_part_2/install/my_robot_description/share/colcon-core/packages/my_robot_description)
[0.892s] Level 1:colcon.colcon_core.environment:create_environment_scripts_only(my_robot_description)
[0.893s] Level 1:colcon.colcon_core.environment:checking '/home/ayush/Desktop/ROS_part_2/install/my_robot_description' for CMake module files
[0.893s] Level 1:colcon.colcon_core.environment:checking '/home/ayush/Desktop/ROS_part_2/install/my_robot_description' for CMake config files
[0.893s] Level 1:colcon.colcon_core.shell:create_environment_hook('my_robot_description', 'cmake_prefix_path')
[0.894s] INFO:colcon.colcon_core.shell:Creating environment hook '/home/ayush/Desktop/ROS_part_2/install/my_robot_description/share/my_robot_description/hook/cmake_prefix_path.ps1'
[0.895s] INFO:colcon.colcon_core.shell:Creating environment descriptor '/home/ayush/Desktop/ROS_part_2/install/my_robot_description/share/my_robot_description/hook/cmake_prefix_path.dsv'
[0.895s] INFO:colcon.colcon_core.shell:Creating environment hook '/home/ayush/Desktop/ROS_part_2/install/my_robot_description/share/my_robot_description/hook/cmake_prefix_path.sh'
[0.896s] Level 1:colcon.colcon_core.environment:checking '/home/ayush/Desktop/ROS_part_2/install/my_robot_description/bin'
[0.896s] Level 1:colcon.colcon_core.environment:checking '/home/ayush/Desktop/ROS_part_2/install/my_robot_description/lib/pkgconfig/my_robot_description.pc'
[0.896s] Level 1:colcon.colcon_core.environment:checking '/home/ayush/Desktop/ROS_part_2/install/my_robot_description/lib/python3.10/site-packages'
[0.896s] Level 1:colcon.colcon_core.environment:checking '/home/ayush/Desktop/ROS_part_2/install/my_robot_description/bin'
[0.897s] INFO:colcon.colcon_core.shell:Creating package script '/home/ayush/Desktop/ROS_part_2/install/my_robot_description/share/my_robot_description/package.ps1'
[0.897s] INFO:colcon.colcon_core.shell:Creating package descriptor '/home/ayush/Desktop/ROS_part_2/install/my_robot_description/share/my_robot_description/package.dsv'
[0.897s] INFO:colcon.colcon_core.shell:Creating package script '/home/ayush/Desktop/ROS_part_2/install/my_robot_description/share/my_robot_description/package.sh'
[0.898s] INFO:colcon.colcon_core.shell:Creating package script '/home/ayush/Desktop/ROS_part_2/install/my_robot_description/share/my_robot_description/package.bash'
[0.898s] INFO:colcon.colcon_core.shell:Creating package script '/home/ayush/Desktop/ROS_part_2/install/my_robot_description/share/my_robot_description/package.zsh'
[0.899s] Level 1:colcon.colcon_core.environment:create_file_with_runtime_dependencies(/home/ayush/Desktop/ROS_part_2/install/my_robot_description/share/colcon-core/packages/my_robot_description)
[0.899s] INFO:colcon.colcon_ros.task.ament_cmake.build:Building ROS package in '/home/ayush/Desktop/ROS_part_2/src/my_robot_bringup' with build type 'ament_cmake'
[0.899s] INFO:colcon.colcon_cmake.task.cmake.build:Building CMake package in '/home/ayush/Desktop/ROS_part_2/src/my_robot_bringup'
[0.899s] INFO:colcon.colcon_core.shell:Skip shell extension 'powershell' for command environment: Not usable outside of PowerShell
[0.899s] DEBUG:colcon.colcon_core.shell:Skip shell extension 'dsv' for command environment
[0.910s] DEBUG:colcon.colcon_core.event_handler.log_command:Invoking command in '/home/ayush/Desktop/ROS_part_2/build/my_robot_bringup': CMAKE_PREFIX_PATH=/home/ayush/Desktop/ROS_part_2/install/my_robot_description:/home/ayush/Desktop/ROS_part_2/install/my_robot_bringup:/opt/ros/humble /usr/bin/cmake --build /home/ayush/Desktop/ROS_part_2/build/my_robot_bringup -- -j8 -l8
[1.271s] DEBUG:colcon.colcon_core.event_handler.log_command:Invoked command in '/home/ayush/Desktop/ROS_part_2/build/my_robot_bringup' returned '0': CMAKE_PREFIX_PATH=/home/ayush/Desktop/ROS_part_2/install/my_robot_description:/home/ayush/Desktop/ROS_part_2/install/my_robot_bringup:/opt/ros/humble /usr/bin/cmake --build /home/ayush/Desktop/ROS_part_2/build/my_robot_bringup -- -j8 -l8
[1.273s] DEBUG:colcon.colcon_core.event_handler.log_command:Invoking command in '/home/ayush/Desktop/ROS_part_2/build/my_robot_bringup': CMAKE_PREFIX_PATH=/home/ayush/Desktop/ROS_part_2/install/my_robot_description:/home/ayush/Desktop/ROS_part_2/install/my_robot_bringup:/opt/ros/humble /usr/bin/cmake --install /home/ayush/Desktop/ROS_part_2/build/my_robot_bringup
[1.313s] Level 1:colcon.colcon_core.environment:create_environment_scripts_only(my_robot_bringup)
[1.314s] Level 1:colcon.colcon_core.environment:checking '/home/ayush/Desktop/ROS_part_2/install/my_robot_bringup' for CMake module files
[1.314s] DEBUG:colcon.colcon_core.event_handler.log_command:Invoked command in '/home/ayush/Desktop/ROS_part_2/build/my_robot_bringup' returned '0': CMAKE_PREFIX_PATH=/home/ayush/Desktop/ROS_part_2/install/my_robot_description:/home/ayush/Desktop/ROS_part_2/install/my_robot_bringup:/opt/ros/humble /usr/bin/cmake --install /home/ayush/Desktop/ROS_part_2/build/my_robot_bringup
[1.315s] Level 1:colcon.colcon_core.environment:checking '/home/ayush/Desktop/ROS_part_2/install/my_robot_bringup' for CMake config files
[1.315s] Level 1:colcon.colcon_core.shell:create_environment_hook('my_robot_bringup', 'cmake_prefix_path')
[1.316s] INFO:colcon.colcon_core.shell:Creating environment hook '/home/ayush/Desktop/ROS_part_2/install/my_robot_bringup/share/my_robot_bringup/hook/cmake_prefix_path.ps1'
[1.316s] INFO:colcon.colcon_core.shell:Creating environment descriptor '/home/ayush/Desktop/ROS_part_2/install/my_robot_bringup/share/my_robot_bringup/hook/cmake_prefix_path.dsv'
[1.317s] INFO:colcon.colcon_core.shell:Creating environment hook '/home/ayush/Desktop/ROS_part_2/install/my_robot_bringup/share/my_robot_bringup/hook/cmake_prefix_path.sh'
[1.318s] Level 1:colcon.colcon_core.environment:checking '/home/ayush/Desktop/ROS_part_2/install/my_robot_bringup/bin'
[1.318s] Level 1:colcon.colcon_core.environment:checking '/home/ayush/Desktop/ROS_part_2/install/my_robot_bringup/lib/pkgconfig/my_robot_bringup.pc'
[1.318s] Level 1:colcon.colcon_core.environment:checking '/home/ayush/Desktop/ROS_part_2/install/my_robot_bringup/lib/python3.10/site-packages'
[1.318s] Level 1:colcon.colcon_core.environment:checking '/home/ayush/Desktop/ROS_part_2/install/my_robot_bringup/bin'
[1.318s] INFO:colcon.colcon_core.shell:Creating package script '/home/ayush/Desktop/ROS_part_2/install/my_robot_bringup/share/my_robot_bringup/package.ps1'
[1.319s] INFO:colcon.colcon_core.shell:Creating package descriptor '/home/ayush/Desktop/ROS_part_2/install/my_robot_bringup/share/my_robot_bringup/package.dsv'
[1.319s] INFO:colcon.colcon_core.shell:Creating package script '/home/ayush/Desktop/ROS_part_2/install/my_robot_bringup/share/my_robot_bringup/package.sh'
[1.320s] INFO:colcon.colcon_core.shell:Creating package script '/home/ayush/Desktop/ROS_part_2/install/my_robot_bringup/share/my_robot_bringup/package.bash'
[1.320s] INFO:colcon.colcon_core.shell:Creating package script '/home/ayush/Desktop/ROS_part_2/install/my_robot_bringup/share/my_robot_bringup/package.zsh'
[1.321s] Level 1:colcon.colcon_core.environment:create_file_with_runtime_dependencies(/home/ayush/Desktop/ROS_part_2/install/my_robot_bringup/share/colcon-core/packages/my_robot_bringup)
[1.322s] Level 1:colcon.colcon_core.environment:create_environment_scripts_only(my_robot_bringup)
[1.322s] Level 1:colcon.colcon_core.environment:checking '/home/ayush/Desktop/ROS_part_2/install/my_robot_bringup' for CMake module files
[1.323s] Level 1:colcon.colcon_core.environment:checking '/home/ayush/Desktop/ROS_part_2/install/my_robot_bringup' for CMake config files
[1.323s] Level 1:colcon.colcon_core.shell:create_environment_hook('my_robot_bringup', 'cmake_prefix_path')
[1.323s] INFO:colcon.colcon_core.shell:Creating environment hook '/home/ayush/Desktop/ROS_part_2/install/my_robot_bringup/share/my_robot_bringup/hook/cmake_prefix_path.ps1'
[1.324s] INFO:colcon.colcon_core.shell:Creating environment descriptor '/home/ayush/Desktop/ROS_part_2/install/my_robot_bringup/share/my_robot_bringup/hook/cmake_prefix_path.dsv'
[1.324s] INFO:colcon.colcon_core.shell:Creating environment hook '/home/ayush/Desktop/ROS_part_2/install/my_robot_bringup/share/my_robot_bringup/hook/cmake_prefix_path.sh'
[1.325s] Level 1:colcon.colcon_core.environment:checking '/home/ayush/Desktop/ROS_part_2/install/my_robot_bringup/bin'
[1.326s] Level 1:colcon.colcon_core.environment:checking '/home/ayush/Desktop/ROS_part_2/install/my_robot_bringup/lib/pkgconfig/my_robot_bringup.pc'
[1.326s] Level 1:colcon.colcon_core.environment:checking '/home/ayush/Desktop/ROS_part_2/install/my_robot_bringup/lib/python3.10/site-packages'
[1.327s] Level 1:colcon.colcon_core.environment:checking '/home/ayush/Desktop/ROS_part_2/install/my_robot_bringup/bin'
[1.327s] INFO:colcon.colcon_core.shell:Creating package script '/home/ayush/Desktop/ROS_part_2/install/my_robot_bringup/share/my_robot_bringup/package.ps1'
[1.328s] INFO:colcon.colcon_core.shell:Creating package descriptor '/home/ayush/Desktop/ROS_part_2/install/my_robot_bringup/share/my_robot_bringup/package.dsv'
[1.329s] INFO:colcon.colcon_core.shell:Creating package script '/home/ayush/Desktop/ROS_part_2/install/my_robot_bringup/share/my_robot_bringup/package.sh'
[1.329s] INFO:colcon.colcon_core.shell:Creating package script '/home/ayush/Desktop/ROS_part_2/install/my_robot_bringup/share/my_robot_bringup/package.bash'
[1.330s] INFO:colcon.colcon_core.shell:Creating package script '/home/ayush/Desktop/ROS_part_2/install/my_robot_bringup/share/my_robot_bringup/package.zsh'
[1.330s] Level 1:colcon.colcon_core.environment:create_file_with_runtime_dependencies(/home/ayush/Desktop/ROS_part_2/install/my_robot_bringup/share/colcon-core/packages/my_robot_bringup)
[1.331s] DEBUG:colcon.colcon_parallel_executor.executor.parallel:closing loop
[1.331s] DEBUG:colcon.colcon_parallel_executor.executor.parallel:loop closed
[1.331s] DEBUG:colcon.colcon_parallel_executor.executor.parallel:run_until_complete finished with '0'
[1.331s] DEBUG:colcon.colcon_core.event_reactor:joining thread
[1.339s] INFO:colcon.colcon_core.plugin_system:Skipping extension 'colcon_notification.desktop_notification.terminal_notifier': Not used on non-Darwin systems
[1.339s] INFO:colcon.colcon_core.plugin_system:Skipping extension 'colcon_notification.desktop_notification.win32': Not used on non-Windows systems
[1.339s] INFO:colcon.colcon_notification.desktop_notification:Sending desktop notification using 'notify2'
[1.354s] DEBUG:colcon.colcon_core.event_reactor:joined thread
[1.355s] INFO:colcon.colcon_core.shell:Creating prefix script '/home/ayush/Desktop/ROS_part_2/install/local_setup.ps1'
[1.357s] INFO:colcon.colcon_core.shell:Creating prefix util module '/home/ayush/Desktop/ROS_part_2/install/_local_setup_util_ps1.py'
[1.359s] INFO:colcon.colcon_core.shell:Creating prefix chain script '/home/ayush/Desktop/ROS_part_2/install/setup.ps1'
[1.361s] INFO:colcon.colcon_core.shell:Creating prefix script '/home/ayush/Desktop/ROS_part_2/install/local_setup.sh'
[1.362s] INFO:colcon.colcon_core.shell:Creating prefix util module '/home/ayush/Desktop/ROS_part_2/install/_local_setup_util_sh.py'
[1.363s] INFO:colcon.colcon_core.shell:Creating prefix chain script '/home/ayush/Desktop/ROS_part_2/install/setup.sh'
[1.365s] INFO:colcon.colcon_core.shell:Creating prefix script '/home/ayush/Desktop/ROS_part_2/install/local_setup.bash'
[1.366s] INFO:colcon.colcon_core.shell:Creating prefix chain script '/home/ayush/Desktop/ROS_part_2/install/setup.bash'
[1.368s] INFO:colcon.colcon_core.shell:Creating prefix script '/home/ayush/Desktop/ROS_part_2/install/local_setup.zsh'
[1.368s] INFO:colcon.colcon_core.shell:Creating prefix chain script '/home/ayush/Desktop/ROS_part_2/install/setup.zsh'
