[0.008s] Invoking command in '/home/ayush/Desktop/ROS_part_2/src/build/my_robot_description': CMAKE_PREFIX_PATH=/opt/ros/humble /usr/bin/cmake --build /home/ayush/Desktop/ROS_part_2/src/build/my_robot_description -- -j8 -l8
[0.045s] Invoked command in '/home/ayush/Desktop/ROS_part_2/src/build/my_robot_description' returned '0': CMAKE_PREFIX_PATH=/opt/ros/humble /usr/bin/cmake --build /home/ayush/Desktop/ROS_part_2/src/build/my_robot_description -- -j8 -l8
[0.054s] Invoking command in '/home/ayush/Desktop/ROS_part_2/src/build/my_robot_description': CMAKE_PREFIX_PATH=/opt/ros/humble /usr/bin/cmake --install /home/ayush/Desktop/ROS_part_2/src/build/my_robot_description
[0.061s] -- Install configuration: ""
[0.061s] -- Up-to-date: /home/ayush/Desktop/ROS_part_2/src/install/my_robot_description/share/ament_index/resource_index/package_run_dependencies/my_robot_description
[0.061s] -- Up-to-date: /home/ayush/Desktop/ROS_part_2/src/install/my_robot_description/share/ament_index/resource_index/parent_prefix_path/my_robot_description
[0.062s] -- Up-to-date: /home/ayush/Desktop/ROS_part_2/src/install/my_robot_description/share/my_robot_description/environment/ament_prefix_path.sh
[0.062s] -- Up-to-date: /home/ayush/Desktop/ROS_part_2/src/install/my_robot_description/share/my_robot_description/environment/ament_prefix_path.dsv
[0.062s] -- Up-to-date: /home/ayush/Desktop/ROS_part_2/src/install/my_robot_description/share/my_robot_description/environment/path.sh
[0.062s] -- Up-to-date: /home/ayush/Desktop/ROS_part_2/src/install/my_robot_description/share/my_robot_description/environment/path.dsv
[0.062s] -- Up-to-date: /home/ayush/Desktop/ROS_part_2/src/install/my_robot_description/share/my_robot_description/local_setup.bash
[0.062s] -- Up-to-date: /home/ayush/Desktop/ROS_part_2/src/install/my_robot_description/share/my_robot_description/local_setup.sh
[0.062s] -- Up-to-date: /home/ayush/Desktop/ROS_part_2/src/install/my_robot_description/share/my_robot_description/local_setup.zsh
[0.062s] -- Up-to-date: /home/ayush/Desktop/ROS_part_2/src/install/my_robot_description/share/my_robot_description/local_setup.dsv
[0.062s] -- Up-to-date: /home/ayush/Desktop/ROS_part_2/src/install/my_robot_description/share/my_robot_description/package.dsv
[0.062s] -- Up-to-date: /home/ayush/Desktop/ROS_part_2/src/install/my_robot_description/share/ament_index/resource_index/packages/my_robot_description
[0.062s] -- Up-to-date: /home/ayush/Desktop/ROS_part_2/src/install/my_robot_description/share/my_robot_description/cmake/my_robot_descriptionConfig.cmake
[0.062s] -- Up-to-date: /home/ayush/Desktop/ROS_part_2/src/install/my_robot_description/share/my_robot_description/cmake/my_robot_descriptionConfig-version.cmake
[0.062s] -- Up-to-date: /home/ayush/Desktop/ROS_part_2/src/install/my_robot_description/share/my_robot_description/package.xml
[0.064s] Invoked command in '/home/ayush/Desktop/ROS_part_2/src/build/my_robot_description' returned '0': CMAKE_PREFIX_PATH=/opt/ros/humble /usr/bin/cmake --install /home/ayush/Desktop/ROS_part_2/src/build/my_robot_description
