[0.008s] Invoking command in '/home/ayush/Desktop/ROS_part_2/src/build/my_robot_description': CMAKE_PREFIX_PATH=/opt/ros/humble /usr/bin/cmake /home/ayush/Desktop/ROS_part_2/src/my_robot_description -DCMAKE_INSTALL_PREFIX=/home/ayush/Desktop/ROS_part_2/src/install/my_robot_description
[0.056s] -- The C compiler identification is GNU 11.4.0
[0.106s] -- The CXX compiler identification is GNU 11.4.0
[0.112s] -- Detecting C compiler ABI info
[0.175s] -- Detecting C compiler ABI info - done
[0.182s] -- Check for working C compiler: /usr/bin/cc - skipped
[0.182s] -- Detecting C compile features
[0.183s] -- Detecting C compile features - done
[0.186s] -- Detecting CXX compiler ABI info
[0.260s] -- Detecting CXX compiler ABI info - done
[0.268s] -- Check for working CXX compiler: /usr/bin/c++ - skipped
[0.269s] -- Detecting CXX compile features
[0.269s] -- Detecting CXX compile features - done
[0.271s] -- Found ament_cmake: 1.3.11 (/opt/ros/humble/share/ament_cmake/cmake)
[0.614s] -- Found Python3: /opt/anaconda3/bin/python3 (found version "3.12.2") found components: Interpreter 
[0.708s] -- Found ament_lint_auto: 0.12.11 (/opt/ros/humble/share/ament_lint_auto/cmake)
[0.731s] Traceback (most recent call last):
[0.731s]   File "/opt/ros/humble/share/ament_cmake_core/cmake/core/package_xml_2_cmake.py", line 22, in <module>
[0.731s]     from catkin_pkg.package import parse_package_string
[0.731s] ModuleNotFoundError: No module named 'catkin_pkg'
[0.735s] [31mCMake Error at /opt/ros/humble/share/ament_cmake_core/cmake/core/ament_package_xml.cmake:95 (message):
[0.735s]   execute_process(/opt/anaconda3/bin/python3
[0.735s]   /opt/ros/humble/share/ament_cmake_core/cmake/core/package_xml_2_cmake.py
[0.735s]   /home/ayush/Desktop/ROS_part_2/src/my_robot_description/package.xml
[0.735s]   /home/ayush/Desktop/ROS_part_2/src/build/my_robot_description/ament_cmake_core/package.cmake)
[0.735s]   returned error code 1
[0.735s] Call Stack (most recent call first):
[0.735s]   /opt/ros/humble/share/ament_cmake_core/cmake/core/ament_package_xml.cmake:49 (_ament_package_xml)
[0.735s]   /opt/ros/humble/share/ament_lint_auto/cmake/ament_lint_auto_find_test_dependencies.cmake:31 (ament_package_xml)
[0.735s]   CMakeLists.txt:23 (ament_lint_auto_find_test_dependencies)
[0.735s] 
[0.736s] [0m
[0.736s] -- Configuring incomplete, errors occurred!
[0.736s] See also "/home/ayush/Desktop/ROS_part_2/src/build/my_robot_description/CMakeFiles/CMakeOutput.log".
[0.739s] Invoked command in '/home/ayush/Desktop/ROS_part_2/src/build/my_robot_description' returned '1': CMAKE_PREFIX_PATH=/opt/ros/humble /usr/bin/cmake /home/ayush/Desktop/ROS_part_2/src/my_robot_description -DCMAKE_INSTALL_PREFIX=/home/ayush/Desktop/ROS_part_2/src/install/my_robot_description
