[0.010s] Invoking command in '/home/ayush/Desktop/ROS_part_2/build/my_robot_description': CMAKE_PREFIX_PATH=/opt/ros/humble /usr/bin/cmake --build /home/ayush/Desktop/ROS_part_2/build/my_robot_description -- -j8 -l8
[0.030s] -- Found ament_cmake: 1.3.11 (/opt/ros/humble/share/ament_cmake/cmake)
[0.259s] -- Configuring done
[0.262s] -- Generating done
[0.263s] -- Build files have been written to: /home/ayush/Desktop/ROS_part_2/build/my_robot_description
[0.282s] Invoked command in '/home/ayush/Desktop/ROS_part_2/build/my_robot_description' returned '0': CMAKE_PREFIX_PATH=/opt/ros/humble /usr/bin/cmake --build /home/ayush/Desktop/ROS_part_2/build/my_robot_description -- -j8 -l8
[0.290s] Invoking command in '/home/ayush/Desktop/ROS_part_2/build/my_robot_description': CMAKE_PREFIX_PATH=/opt/ros/humble /usr/bin/cmake --install /home/ayush/Desktop/ROS_part_2/build/my_robot_description
[0.297s] -- Install configuration: ""
[0.298s] -- Installing: /home/ayush/Desktop/ROS_part_2/install/my_robot_description/share/my_robot_description/urdf
[0.298s] -- Installing: /home/ayush/Desktop/ROS_part_2/install/my_robot_description/share/my_robot_description/urdf/my_robot.urdf
[0.298s] -- Installing: /home/ayush/Desktop/ROS_part_2/install/my_robot_description/share/my_robot_description/launch
[0.298s] -- Installing: /home/ayush/Desktop/ROS_part_2/install/my_robot_description/share/my_robot_description/launch/display.launch.xml
[0.298s] -- Up-to-date: /home/ayush/Desktop/ROS_part_2/install/my_robot_description/share/ament_index/resource_index/package_run_dependencies/my_robot_description
[0.298s] -- Up-to-date: /home/ayush/Desktop/ROS_part_2/install/my_robot_description/share/ament_index/resource_index/parent_prefix_path/my_robot_description
[0.298s] -- Up-to-date: /home/ayush/Desktop/ROS_part_2/install/my_robot_description/share/my_robot_description/environment/ament_prefix_path.sh
[0.299s] -- Installing: /home/ayush/Desktop/ROS_part_2/install/my_robot_description/share/my_robot_description/environment/ament_prefix_path.dsv
[0.299s] -- Up-to-date: /home/ayush/Desktop/ROS_part_2/install/my_robot_description/share/my_robot_description/environment/path.sh
[0.299s] -- Installing: /home/ayush/Desktop/ROS_part_2/install/my_robot_description/share/my_robot_description/environment/path.dsv
[0.299s] -- Up-to-date: /home/ayush/Desktop/ROS_part_2/install/my_robot_description/share/my_robot_description/local_setup.bash
[0.299s] -- Up-to-date: /home/ayush/Desktop/ROS_part_2/install/my_robot_description/share/my_robot_description/local_setup.sh
[0.299s] -- Up-to-date: /home/ayush/Desktop/ROS_part_2/install/my_robot_description/share/my_robot_description/local_setup.zsh
[0.299s] -- Installing: /home/ayush/Desktop/ROS_part_2/install/my_robot_description/share/my_robot_description/local_setup.dsv
[0.299s] -- Installing: /home/ayush/Desktop/ROS_part_2/install/my_robot_description/share/my_robot_description/package.dsv
[0.299s] -- Up-to-date: /home/ayush/Desktop/ROS_part_2/install/my_robot_description/share/ament_index/resource_index/packages/my_robot_description
[0.299s] -- Up-to-date: /home/ayush/Desktop/ROS_part_2/install/my_robot_description/share/my_robot_description/cmake/my_robot_descriptionConfig.cmake
[0.299s] -- Up-to-date: /home/ayush/Desktop/ROS_part_2/install/my_robot_description/share/my_robot_description/cmake/my_robot_descriptionConfig-version.cmake
[0.299s] -- Up-to-date: /home/ayush/Desktop/ROS_part_2/install/my_robot_description/share/my_robot_description/package.xml
[0.301s] Invoked command in '/home/ayush/Desktop/ROS_part_2/build/my_robot_description' returned '0': CMAKE_PREFIX_PATH=/opt/ros/humble /usr/bin/cmake --install /home/ayush/Desktop/ROS_part_2/build/my_robot_description
