-- Found ament_cmake: 1.3.11 (/opt/ros/humble/share/ament_cmake/cmake)
-- Found ament_lint_auto: 0.12.11 (/opt/ros/humble/share/ament_lint_auto/cmake)
-- Added test 'cppcheck' to perform static code analysis on C / C++ code
-- Configured cppcheck include dirs: 
-- Configured cppcheck exclude dirs and/or files: 
-- Added test 'flake8' to check Python code syntax and style conventions
-- Added test 'lint_cmake' to check CMake code style
-- Added test 'pep257' to check Python code against some of the docstring style conventions in PEP 257
-- Added test 'uncrustify' to check C / C++ code style
-- Configured uncrustify additional arguments: 
-- Added test 'xmllint' to check XML markup files
-- Configuring done
-- Generating done
-- Build files have been written to: /home/ayush/Desktop/ROS_part_2/src/build/my_robot_description
-- Install configuration: ""
-- Installing: /home/ayush/Desktop/ROS_part_2/src/install/my_robot_description/share/ament_index/resource_index/package_run_dependencies/my_robot_description
-- Installing: /home/ayush/Desktop/ROS_part_2/src/install/my_robot_description/share/ament_index/resource_index/parent_prefix_path/my_robot_description
-- Installing: /home/ayush/Desktop/ROS_part_2/src/install/my_robot_description/share/my_robot_description/environment/ament_prefix_path.sh
-- Installing: /home/ayush/Desktop/ROS_part_2/src/install/my_robot_description/share/my_robot_description/environment/ament_prefix_path.dsv
-- Installing: /home/ayush/Desktop/ROS_part_2/src/install/my_robot_description/share/my_robot_description/environment/path.sh
-- Installing: /home/ayush/Desktop/ROS_part_2/src/install/my_robot_description/share/my_robot_description/environment/path.dsv
-- Installing: /home/ayush/Desktop/ROS_part_2/src/install/my_robot_description/share/my_robot_description/local_setup.bash
-- Installing: /home/ayush/Desktop/ROS_part_2/src/install/my_robot_description/share/my_robot_description/local_setup.sh
-- Installing: /home/ayush/Desktop/ROS_part_2/src/install/my_robot_description/share/my_robot_description/local_setup.zsh
-- Installing: /home/ayush/Desktop/ROS_part_2/src/install/my_robot_description/share/my_robot_description/local_setup.dsv
-- Installing: /home/ayush/Desktop/ROS_part_2/src/install/my_robot_description/share/my_robot_description/package.dsv
-- Installing: /home/ayush/Desktop/ROS_part_2/src/install/my_robot_description/share/ament_index/resource_index/packages/my_robot_description
-- Installing: /home/ayush/Desktop/ROS_part_2/src/install/my_robot_description/share/my_robot_description/cmake/my_robot_descriptionConfig.cmake
-- Installing: /home/ayush/Desktop/ROS_part_2/src/install/my_robot_description/share/my_robot_description/cmake/my_robot_descriptionConfig-version.cmake
-- Installing: /home/ayush/Desktop/ROS_part_2/src/install/my_robot_description/share/my_robot_description/package.xml
