[0.009s] Invoking command in '/home/ayush/Desktop/ROS_part_2/src/build/my_robot_description': CMAKE_PREFIX_PATH=/opt/ros/humble /usr/bin/cmake /home/ayush/Desktop/ROS_part_2/src/my_robot_description -DCMAKE_INSTALL_PREFIX=/home/ayush/Desktop/ROS_part_2/src/install/my_robot_description
[0.021s] -- Found ament_cmake: 1.3.11 (/opt/ros/humble/share/ament_cmake/cmake)
[0.153s] -- Found ament_lint_auto: 0.12.11 (/opt/ros/humble/share/ament_lint_auto/cmake)
[0.262s] -- Added test 'cppcheck' to perform static code analysis on C / C++ code
[0.262s] -- Configured cppcheck include dirs: 
[0.262s] -- Configured cppcheck exclude dirs and/or files: 
[0.264s] -- Added test 'flake8' to check Python code syntax and style conventions
[0.265s] -- Added test 'lint_cmake' to check CMake code style
[0.266s] -- Added test 'pep257' to check Python code against some of the docstring style conventions in PEP 257
[0.272s] -- Added test 'uncrustify' to check C / C++ code style
[0.272s] -- Configured uncrustify additional arguments: 
[0.273s] -- Added test 'xmllint' to check XML markup files
[0.275s] -- Configuring done
[0.278s] -- Generating done
[0.279s] -- Build files have been written to: /home/ayush/Desktop/ROS_part_2/src/build/my_robot_description
[0.282s] Invoked command in '/home/ayush/Desktop/ROS_part_2/src/build/my_robot_description' returned '0': CMAKE_PREFIX_PATH=/opt/ros/humble /usr/bin/cmake /home/ayush/Desktop/ROS_part_2/src/my_robot_description -DCMAKE_INSTALL_PREFIX=/home/ayush/Desktop/ROS_part_2/src/install/my_robot_description
[0.283s] Invoking command in '/home/ayush/Desktop/ROS_part_2/src/build/my_robot_description': CMAKE_PREFIX_PATH=/opt/ros/humble /usr/bin/cmake --build /home/ayush/Desktop/ROS_part_2/src/build/my_robot_description -- -j8 -l8
[0.318s] Invoked command in '/home/ayush/Desktop/ROS_part_2/src/build/my_robot_description' returned '0': CMAKE_PREFIX_PATH=/opt/ros/humble /usr/bin/cmake --build /home/ayush/Desktop/ROS_part_2/src/build/my_robot_description -- -j8 -l8
[0.328s] Invoking command in '/home/ayush/Desktop/ROS_part_2/src/build/my_robot_description': CMAKE_PREFIX_PATH=/opt/ros/humble /usr/bin/cmake --install /home/ayush/Desktop/ROS_part_2/src/build/my_robot_description
[0.335s] -- Install configuration: ""
[0.335s] -- Installing: /home/ayush/Desktop/ROS_part_2/src/install/my_robot_description/share/ament_index/resource_index/package_run_dependencies/my_robot_description
[0.335s] -- Installing: /home/ayush/Desktop/ROS_part_2/src/install/my_robot_description/share/ament_index/resource_index/parent_prefix_path/my_robot_description
[0.335s] -- Installing: /home/ayush/Desktop/ROS_part_2/src/install/my_robot_description/share/my_robot_description/environment/ament_prefix_path.sh
[0.335s] -- Installing: /home/ayush/Desktop/ROS_part_2/src/install/my_robot_description/share/my_robot_description/environment/ament_prefix_path.dsv
[0.335s] -- Installing: /home/ayush/Desktop/ROS_part_2/src/install/my_robot_description/share/my_robot_description/environment/path.sh
[0.336s] -- Installing: /home/ayush/Desktop/ROS_part_2/src/install/my_robot_description/share/my_robot_description/environment/path.dsv
[0.336s] -- Installing: /home/ayush/Desktop/ROS_part_2/src/install/my_robot_description/share/my_robot_description/local_setup.bash
[0.336s] -- Installing: /home/ayush/Desktop/ROS_part_2/src/install/my_robot_description/share/my_robot_description/local_setup.sh
[0.336s] -- Installing: /home/ayush/Desktop/ROS_part_2/src/install/my_robot_description/share/my_robot_description/local_setup.zsh
[0.336s] -- Installing: /home/ayush/Desktop/ROS_part_2/src/install/my_robot_description/share/my_robot_description/local_setup.dsv
[0.337s] -- Installing: /home/ayush/Desktop/ROS_part_2/src/install/my_robot_description/share/my_robot_description/package.dsv
[0.337s] -- Installing: /home/ayush/Desktop/ROS_part_2/src/install/my_robot_description/share/ament_index/resource_index/packages/my_robot_description
[0.337s] -- Installing: /home/ayush/Desktop/ROS_part_2/src/install/my_robot_description/share/my_robot_description/cmake/my_robot_descriptionConfig.cmake
[0.337s] -- Installing: /home/ayush/Desktop/ROS_part_2/src/install/my_robot_description/share/my_robot_description/cmake/my_robot_descriptionConfig-version.cmake
[0.337s] -- Installing: /home/ayush/Desktop/ROS_part_2/src/install/my_robot_description/share/my_robot_description/package.xml
[0.339s] Invoked command in '/home/ayush/Desktop/ROS_part_2/src/build/my_robot_description' returned '0': CMAKE_PREFIX_PATH=/opt/ros/humble /usr/bin/cmake --install /home/ayush/Desktop/ROS_part_2/src/build/my_robot_description
