[0.200s] DEBUG:colcon:Command line arguments: ['/usr/bin/colcon', 'list', '-p', '--base-paths', '/home/ayush/Desktop/ROS_part_2']
[0.200s] DEBUG:colcon:Parsed command line arguments: Namespace(log_base=None, log_level=None, verb_name='list', build_base='build', ignore_user_meta=False, metas=['./colcon.meta'], base_paths=['/home/ayush/Desktop/ROS_part_2'], packages_ignore=None, packages_ignore_regex=None, paths=None, packages_up_to=None, packages_up_to_regex=None, packages_above=None, packages_above_and_dependencies=None, packages_above_depth=None, packages_select_by_dep=None, packages_skip_by_dep=None, packages_skip_up_to=None, packages_select_build_failed=False, packages_skip_build_finished=False, packages_select_test_failures=False, packages_skip_test_passed=False, packages_select=None, packages_skip=None, packages_select_regex=None, packages_skip_regex=None, packages_start=None, packages_end=None, allow_overriding=[], topological_order=False, names_only=False, paths_only=True, topological_graph=False, topological_graph_dot=False, topological_graph_density=False, topological_graph_legend=False, topological_graph_dot_cluster=False, topological_graph_dot_include_skipped=False, verb_parser=<colcon_defaults.argument_parser.defaults.DefaultArgumentsDecorator object at 0x7164b2e6d3c0>, verb_extension=<colcon_package_information.verb.list.ListVerb object at 0x7164b2e6c4c0>, main=<bound method ListVerb.main of <colcon_package_information.verb.list.ListVerb object at 0x7164b2e6c4c0>>)
[0.661s] Level 1:colcon.colcon_core.package_discovery:discover_packages(colcon_meta) check parameters
[0.661s] Level 1:colcon.colcon_core.package_discovery:discover_packages(recursive) check parameters
[0.661s] Level 1:colcon.colcon_core.package_discovery:discover_packages(ignore) check parameters
[0.661s] Level 1:colcon.colcon_core.package_discovery:discover_packages(path) check parameters
[0.661s] Level 1:colcon.colcon_core.package_discovery:discover_packages(recursive) discover
[0.662s] INFO:colcon.colcon_core.package_discovery:Crawling recursively for packages in '/home/ayush/Desktop/ROS_part_2'
[0.662s] Level 1:colcon.colcon_core.package_identification:_identify(/home/ayush/Desktop/ROS_part_2) by extensions ['ignore', 'ignore_ament_install']
[0.663s] Level 1:colcon.colcon_core.package_identification:_identify(/home/ayush/Desktop/ROS_part_2) by extension 'ignore'
[0.663s] Level 1:colcon.colcon_core.package_identification:_identify(/home/ayush/Desktop/ROS_part_2) by extension 'ignore_ament_install'
[0.663s] Level 1:colcon.colcon_core.package_identification:_identify(/home/ayush/Desktop/ROS_part_2) by extensions ['colcon_pkg']
[0.663s] Level 1:colcon.colcon_core.package_identification:_identify(/home/ayush/Desktop/ROS_part_2) by extension 'colcon_pkg'
[0.663s] Level 1:colcon.colcon_core.package_identification:_identify(/home/ayush/Desktop/ROS_part_2) by extensions ['colcon_meta']
[0.663s] Level 1:colcon.colcon_core.package_identification:_identify(/home/ayush/Desktop/ROS_part_2) by extension 'colcon_meta'
[0.663s] Level 1:colcon.colcon_core.package_identification:_identify(/home/ayush/Desktop/ROS_part_2) by extensions ['ros']
[0.663s] Level 1:colcon.colcon_core.package_identification:_identify(/home/ayush/Desktop/ROS_part_2) by extension 'ros'
[0.685s] Level 1:colcon.colcon_core.package_identification:_identify(/home/ayush/Desktop/ROS_part_2) by extensions ['cmake', 'python']
[0.685s] Level 1:colcon.colcon_core.package_identification:_identify(/home/ayush/Desktop/ROS_part_2) by extension 'cmake'
[0.685s] Level 1:colcon.colcon_core.package_identification:_identify(/home/ayush/Desktop/ROS_part_2) by extension 'python'
[0.685s] Level 1:colcon.colcon_core.package_identification:_identify(/home/ayush/Desktop/ROS_part_2) by extensions ['python_setup_py']
[0.685s] Level 1:colcon.colcon_core.package_identification:_identify(/home/ayush/Desktop/ROS_part_2) by extension 'python_setup_py'
[0.686s] Level 1:colcon.colcon_core.package_identification:_identify(/home/ayush/Desktop/ROS_part_2/build) by extensions ['ignore', 'ignore_ament_install']
[0.686s] Level 1:colcon.colcon_core.package_identification:_identify(/home/ayush/Desktop/ROS_part_2/build) by extension 'ignore'
[0.686s] Level 1:colcon.colcon_core.package_identification:_identify(/home/ayush/Desktop/ROS_part_2/build) ignored
[0.686s] Level 1:colcon.colcon_core.package_identification:_identify(/home/ayush/Desktop/ROS_part_2/install) by extensions ['ignore', 'ignore_ament_install']
[0.686s] Level 1:colcon.colcon_core.package_identification:_identify(/home/ayush/Desktop/ROS_part_2/install) by extension 'ignore'
[0.686s] Level 1:colcon.colcon_core.package_identification:_identify(/home/ayush/Desktop/ROS_part_2/install) ignored
[0.687s] Level 1:colcon.colcon_core.package_identification:_identify(/home/ayush/Desktop/ROS_part_2/log) by extensions ['ignore', 'ignore_ament_install']
[0.687s] Level 1:colcon.colcon_core.package_identification:_identify(/home/ayush/Desktop/ROS_part_2/log) by extension 'ignore'
[0.687s] Level 1:colcon.colcon_core.package_identification:_identify(/home/ayush/Desktop/ROS_part_2/log) ignored
[0.687s] Level 1:colcon.colcon_core.package_identification:_identify(/home/ayush/Desktop/ROS_part_2/src) by extensions ['ignore', 'ignore_ament_install']
[0.687s] Level 1:colcon.colcon_core.package_identification:_identify(/home/ayush/Desktop/ROS_part_2/src) by extension 'ignore'
[0.687s] Level 1:colcon.colcon_core.package_identification:_identify(/home/ayush/Desktop/ROS_part_2/src) by extension 'ignore_ament_install'
[0.687s] Level 1:colcon.colcon_core.package_identification:_identify(/home/ayush/Desktop/ROS_part_2/src) by extensions ['colcon_pkg']
[0.687s] Level 1:colcon.colcon_core.package_identification:_identify(/home/ayush/Desktop/ROS_part_2/src) by extension 'colcon_pkg'
[0.687s] Level 1:colcon.colcon_core.package_identification:_identify(/home/ayush/Desktop/ROS_part_2/src) by extensions ['colcon_meta']
[0.688s] Level 1:colcon.colcon_core.package_identification:_identify(/home/ayush/Desktop/ROS_part_2/src) by extension 'colcon_meta'
[0.688s] Level 1:colcon.colcon_core.package_identification:_identify(/home/ayush/Desktop/ROS_part_2/src) by extensions ['ros']
[0.688s] Level 1:colcon.colcon_core.package_identification:_identify(/home/ayush/Desktop/ROS_part_2/src) by extension 'ros'
[0.688s] Level 1:colcon.colcon_core.package_identification:_identify(/home/ayush/Desktop/ROS_part_2/src) by extensions ['cmake', 'python']
[0.688s] Level 1:colcon.colcon_core.package_identification:_identify(/home/ayush/Desktop/ROS_part_2/src) by extension 'cmake'
[0.688s] Level 1:colcon.colcon_core.package_identification:_identify(/home/ayush/Desktop/ROS_part_2/src) by extension 'python'
[0.688s] Level 1:colcon.colcon_core.package_identification:_identify(/home/ayush/Desktop/ROS_part_2/src) by extensions ['python_setup_py']
[0.688s] Level 1:colcon.colcon_core.package_identification:_identify(/home/ayush/Desktop/ROS_part_2/src) by extension 'python_setup_py'
[0.688s] Level 1:colcon.colcon_core.package_identification:_identify(/home/ayush/Desktop/ROS_part_2/src/build) by extensions ['ignore', 'ignore_ament_install']
[0.689s] Level 1:colcon.colcon_core.package_identification:_identify(/home/ayush/Desktop/ROS_part_2/src/build) by extension 'ignore'
[0.689s] Level 1:colcon.colcon_core.package_identification:_identify(/home/ayush/Desktop/ROS_part_2/src/build) ignored
[0.689s] Level 1:colcon.colcon_core.package_identification:_identify(/home/ayush/Desktop/ROS_part_2/src/install) by extensions ['ignore', 'ignore_ament_install']
[0.689s] Level 1:colcon.colcon_core.package_identification:_identify(/home/ayush/Desktop/ROS_part_2/src/install) by extension 'ignore'
[0.689s] Level 1:colcon.colcon_core.package_identification:_identify(/home/ayush/Desktop/ROS_part_2/src/install) ignored
[0.689s] Level 1:colcon.colcon_core.package_identification:_identify(/home/ayush/Desktop/ROS_part_2/src/log) by extensions ['ignore', 'ignore_ament_install']
[0.690s] Level 1:colcon.colcon_core.package_identification:_identify(/home/ayush/Desktop/ROS_part_2/src/log) by extension 'ignore'
[0.690s] Level 1:colcon.colcon_core.package_identification:_identify(/home/ayush/Desktop/ROS_part_2/src/log) ignored
[0.690s] Level 1:colcon.colcon_core.package_identification:_identify(/home/ayush/Desktop/ROS_part_2/src/my_robot_bringup) by extensions ['ignore', 'ignore_ament_install']
[0.690s] Level 1:colcon.colcon_core.package_identification:_identify(/home/ayush/Desktop/ROS_part_2/src/my_robot_bringup) by extension 'ignore'
[0.690s] Level 1:colcon.colcon_core.package_identification:_identify(/home/ayush/Desktop/ROS_part_2/src/my_robot_bringup) by extension 'ignore_ament_install'
[0.691s] Level 1:colcon.colcon_core.package_identification:_identify(/home/ayush/Desktop/ROS_part_2/src/my_robot_bringup) by extensions ['colcon_pkg']
[0.691s] Level 1:colcon.colcon_core.package_identification:_identify(/home/ayush/Desktop/ROS_part_2/src/my_robot_bringup) by extension 'colcon_pkg'
[0.691s] Level 1:colcon.colcon_core.package_identification:_identify(/home/ayush/Desktop/ROS_part_2/src/my_robot_bringup) by extensions ['colcon_meta']
[0.691s] Level 1:colcon.colcon_core.package_identification:_identify(/home/ayush/Desktop/ROS_part_2/src/my_robot_bringup) by extension 'colcon_meta'
[0.691s] Level 1:colcon.colcon_core.package_identification:_identify(/home/ayush/Desktop/ROS_part_2/src/my_robot_bringup) by extensions ['ros']
[0.691s] Level 1:colcon.colcon_core.package_identification:_identify(/home/ayush/Desktop/ROS_part_2/src/my_robot_bringup) by extension 'ros'
[0.700s] DEBUG:colcon.colcon_core.package_identification:Package '/home/ayush/Desktop/ROS_part_2/src/my_robot_bringup' with type 'ros.ament_cmake' and name 'my_robot_bringup'
[0.701s] Level 1:colcon.colcon_core.package_identification:_identify(/home/ayush/Desktop/ROS_part_2/src/my_robot_description) by extensions ['ignore', 'ignore_ament_install']
[0.701s] Level 1:colcon.colcon_core.package_identification:_identify(/home/ayush/Desktop/ROS_part_2/src/my_robot_description) by extension 'ignore'
[0.701s] Level 1:colcon.colcon_core.package_identification:_identify(/home/ayush/Desktop/ROS_part_2/src/my_robot_description) by extension 'ignore_ament_install'
[0.701s] Level 1:colcon.colcon_core.package_identification:_identify(/home/ayush/Desktop/ROS_part_2/src/my_robot_description) by extensions ['colcon_pkg']
[0.701s] Level 1:colcon.colcon_core.package_identification:_identify(/home/ayush/Desktop/ROS_part_2/src/my_robot_description) by extension 'colcon_pkg'
[0.701s] Level 1:colcon.colcon_core.package_identification:_identify(/home/ayush/Desktop/ROS_part_2/src/my_robot_description) by extensions ['colcon_meta']
[0.701s] Level 1:colcon.colcon_core.package_identification:_identify(/home/ayush/Desktop/ROS_part_2/src/my_robot_description) by extension 'colcon_meta'
[0.702s] Level 1:colcon.colcon_core.package_identification:_identify(/home/ayush/Desktop/ROS_part_2/src/my_robot_description) by extensions ['ros']
[0.702s] Level 1:colcon.colcon_core.package_identification:_identify(/home/ayush/Desktop/ROS_part_2/src/my_robot_description) by extension 'ros'
[0.704s] DEBUG:colcon.colcon_core.package_identification:Package '/home/ayush/Desktop/ROS_part_2/src/my_robot_description' with type 'ros.ament_cmake' and name 'my_robot_description'
[0.704s] Level 1:colcon.colcon_core.package_discovery:discover_packages(recursive) using defaults
