[0.011s] Invoking command in '/home/ayush/Desktop/ROS_part_2/build/my_robot_bringup': CMAKE_PREFIX_PATH=/home/ayush/Desktop/ROS_part_2/install/my_robot_description:/home/ayush/Desktop/ROS_part_2/install/my_robot_bringup:/opt/ros/humble /usr/bin/cmake /home/ayush/Desktop/ROS_part_2/src/my_robot_bringup -DAMENT_CMAKE_SYMLINK_INSTALL=1 -DCMAKE_INSTALL_PREFIX=/home/ayush/Desktop/ROS_part_2/install/my_robot_bringup
[0.030s] -- Found ament_cmake: 1.3.11 (/opt/ros/humble/share/ament_cmake/cmake)
[0.178s] -- Override CMake install command with custom implementation using symlinks instead of copying resources
[0.271s] -- Configuring done
[0.275s] -- Generating done
[0.276s] -- Build files have been written to: /home/ayush/Desktop/ROS_part_2/build/my_robot_bringup
[0.279s] Invoked command in '/home/ayush/Desktop/ROS_part_2/build/my_robot_bringup' returned '0': CMAKE_PREFIX_PATH=/home/ayush/Desktop/ROS_part_2/install/my_robot_description:/home/ayush/Desktop/ROS_part_2/install/my_robot_bringup:/opt/ros/humble /usr/bin/cmake /home/ayush/Desktop/ROS_part_2/src/my_robot_bringup -DAMENT_CMAKE_SYMLINK_INSTALL=1 -DCMAKE_INSTALL_PREFIX=/home/ayush/Desktop/ROS_part_2/install/my_robot_bringup
[0.280s] Invoking command in '/home/ayush/Desktop/ROS_part_2/build/my_robot_bringup': CMAKE_PREFIX_PATH=/home/ayush/Desktop/ROS_part_2/install/my_robot_description:/home/ayush/Desktop/ROS_part_2/install/my_robot_bringup:/opt/ros/humble /usr/bin/cmake --build /home/ayush/Desktop/ROS_part_2/build/my_robot_bringup -- -j8 -l8
[0.320s] Invoked command in '/home/ayush/Desktop/ROS_part_2/build/my_robot_bringup' returned '0': CMAKE_PREFIX_PATH=/home/ayush/Desktop/ROS_part_2/install/my_robot_description:/home/ayush/Desktop/ROS_part_2/install/my_robot_bringup:/opt/ros/humble /usr/bin/cmake --build /home/ayush/Desktop/ROS_part_2/build/my_robot_bringup -- -j8 -l8
[0.321s] Invoking command in '/home/ayush/Desktop/ROS_part_2/build/my_robot_bringup': CMAKE_PREFIX_PATH=/home/ayush/Desktop/ROS_part_2/install/my_robot_description:/home/ayush/Desktop/ROS_part_2/install/my_robot_bringup:/opt/ros/humble /usr/bin/cmake --install /home/ayush/Desktop/ROS_part_2/build/my_robot_bringup
[0.331s] -- Install configuration: ""
[0.331s] -- Execute custom install script
[0.331s] -- Symlinking: /home/ayush/Desktop/ROS_part_2/install/my_robot_bringup/share/my_robot_bringup/launch/my_robot_gazebo.launch.xml
[0.341s] -- Symlinking: /home/ayush/Desktop/ROS_part_2/install/my_robot_bringup/share/my_robot_bringup/rviz/robot_config.rviz
[0.350s] -- Symlinking: /home/ayush/Desktop/ROS_part_2/install/my_robot_bringup/share/ament_index/resource_index/package_run_dependencies/my_robot_bringup
[0.360s] -- Symlinking: /home/ayush/Desktop/ROS_part_2/install/my_robot_bringup/share/ament_index/resource_index/parent_prefix_path/my_robot_bringup
[0.369s] -- Symlinking: /home/ayush/Desktop/ROS_part_2/install/my_robot_bringup/share/my_robot_bringup/environment/ament_prefix_path.sh
[0.379s] -- Symlinking: /home/ayush/Desktop/ROS_part_2/install/my_robot_bringup/share/my_robot_bringup/environment/ament_prefix_path.dsv
[0.388s] -- Symlinking: /home/ayush/Desktop/ROS_part_2/install/my_robot_bringup/share/my_robot_bringup/environment/path.sh
[0.398s] -- Symlinking: /home/ayush/Desktop/ROS_part_2/install/my_robot_bringup/share/my_robot_bringup/environment/path.dsv
[0.408s] -- Symlinking: /home/ayush/Desktop/ROS_part_2/install/my_robot_bringup/share/my_robot_bringup/local_setup.bash
[0.418s] -- Symlinking: /home/ayush/Desktop/ROS_part_2/install/my_robot_bringup/share/my_robot_bringup/local_setup.sh
[0.429s] -- Symlinking: /home/ayush/Desktop/ROS_part_2/install/my_robot_bringup/share/my_robot_bringup/local_setup.zsh
[0.439s] -- Symlinking: /home/ayush/Desktop/ROS_part_2/install/my_robot_bringup/share/my_robot_bringup/local_setup.dsv
[0.451s] -- Symlinking: /home/ayush/Desktop/ROS_part_2/install/my_robot_bringup/share/my_robot_bringup/package.dsv
[0.462s] -- Symlinking: /home/ayush/Desktop/ROS_part_2/install/my_robot_bringup/share/ament_index/resource_index/packages/my_robot_bringup
[0.472s] -- Symlinking: /home/ayush/Desktop/ROS_part_2/install/my_robot_bringup/share/my_robot_bringup/cmake/my_robot_bringupConfig.cmake
[0.485s] -- Symlinking: /home/ayush/Desktop/ROS_part_2/install/my_robot_bringup/share/my_robot_bringup/cmake/my_robot_bringupConfig-version.cmake
[0.496s] -- Symlinking: /home/ayush/Desktop/ROS_part_2/install/my_robot_bringup/share/my_robot_bringup/package.xml
[0.511s] Invoked command in '/home/ayush/Desktop/ROS_part_2/build/my_robot_bringup' returned '0': CMAKE_PREFIX_PATH=/home/ayush/Desktop/ROS_part_2/install/my_robot_description:/home/ayush/Desktop/ROS_part_2/install/my_robot_bringup:/opt/ros/humble /usr/bin/cmake --install /home/ayush/Desktop/ROS_part_2/build/my_robot_bringup
