[0.013s] Invoking command in '/home/ayush/Desktop/ROS_part_2/build/my_robot_description': CMAKE_PREFIX_PATH=${CMAKE_PREFIX_PATH}:/opt/ros/humble /usr/bin/cmake /home/ayush/Desktop/ROS_part_2/src/my_robot_description -DCMAKE_INSTALL_PREFIX=/home/ayush/Desktop/ROS_part_2/install/my_robot_description
[0.025s] -- Found ament_cmake: 1.3.11 (/opt/ros/humble/share/ament_cmake/cmake)
[0.153s] -- Override CMake install command with custom implementation using symlinks instead of copying resources
[0.248s] -- Configuring done
[0.250s] -- Generating done
[0.252s] -- Build files have been written to: /home/ayush/Desktop/ROS_part_2/build/my_robot_description
[0.254s] Invoked command in '/home/ayush/Desktop/ROS_part_2/build/my_robot_description' returned '0': CMAKE_PREFIX_PATH=${CMAKE_PREFIX_PATH}:/opt/ros/humble /usr/bin/cmake /home/ayush/Desktop/ROS_part_2/src/my_robot_description -DCMAKE_INSTALL_PREFIX=/home/ayush/Desktop/ROS_part_2/install/my_robot_description
[0.255s] Invoking command in '/home/ayush/Desktop/ROS_part_2/build/my_robot_description': CMAKE_PREFIX_PATH=${CMAKE_PREFIX_PATH}:/opt/ros/humble /usr/bin/cmake --build /home/ayush/Desktop/ROS_part_2/build/my_robot_description -- -j8 -l8
[0.288s] Invoked command in '/home/ayush/Desktop/ROS_part_2/build/my_robot_description' returned '0': CMAKE_PREFIX_PATH=${CMAKE_PREFIX_PATH}:/opt/ros/humble /usr/bin/cmake --build /home/ayush/Desktop/ROS_part_2/build/my_robot_description -- -j8 -l8
[0.297s] Invoking command in '/home/ayush/Desktop/ROS_part_2/build/my_robot_description': CMAKE_PREFIX_PATH=${CMAKE_PREFIX_PATH}:/opt/ros/humble /usr/bin/cmake --install /home/ayush/Desktop/ROS_part_2/build/my_robot_description
[0.303s] -- Install configuration: ""
[0.304s] -- Execute custom install script
[0.304s] -- Symlinking: /home/ayush/Desktop/ROS_part_2/install/my_robot_description/share/my_robot_description/urdf/arm.xacro
[0.312s] -- Up-to-date symlink: /home/ayush/Desktop/ROS_part_2/install/my_robot_description/share/my_robot_description/urdf/camera.xacro
[0.312s] -- Up-to-date symlink: /home/ayush/Desktop/ROS_part_2/install/my_robot_description/share/my_robot_description/urdf/common_properties.xacro
[0.313s] -- Up-to-date symlink: /home/ayush/Desktop/ROS_part_2/install/my_robot_description/share/my_robot_description/urdf/mobile_base.xacro
[0.313s] -- Up-to-date symlink: /home/ayush/Desktop/ROS_part_2/install/my_robot_description/share/my_robot_description/urdf/mobile_base_gazebo.xacro
[0.313s] -- Up-to-date symlink: /home/ayush/Desktop/ROS_part_2/install/my_robot_description/share/my_robot_description/urdf/my_robot.urdf.xacro
[0.313s] -- Up-to-date symlink: /home/ayush/Desktop/ROS_part_2/install/my_robot_description/share/my_robot_description/launch/display.launch.xml
[0.313s] -- Up-to-date symlink: /home/ayush/Desktop/ROS_part_2/install/my_robot_description/share/my_robot_description/rviz/robot_config.rviz
[0.314s] -- Up-to-date symlink: /home/ayush/Desktop/ROS_part_2/install/my_robot_description/share/ament_index/resource_index/package_run_dependencies/my_robot_description
[0.314s] -- Up-to-date symlink: /home/ayush/Desktop/ROS_part_2/install/my_robot_description/share/ament_index/resource_index/parent_prefix_path/my_robot_description
[0.314s] -- Up-to-date symlink: /home/ayush/Desktop/ROS_part_2/install/my_robot_description/share/my_robot_description/environment/ament_prefix_path.sh
[0.314s] -- Up-to-date symlink: /home/ayush/Desktop/ROS_part_2/install/my_robot_description/share/my_robot_description/environment/ament_prefix_path.dsv
[0.315s] -- Up-to-date symlink: /home/ayush/Desktop/ROS_part_2/install/my_robot_description/share/my_robot_description/environment/path.sh
[0.315s] -- Up-to-date symlink: /home/ayush/Desktop/ROS_part_2/install/my_robot_description/share/my_robot_description/environment/path.dsv
[0.315s] -- Up-to-date symlink: /home/ayush/Desktop/ROS_part_2/install/my_robot_description/share/my_robot_description/local_setup.bash
[0.315s] -- Up-to-date symlink: /home/ayush/Desktop/ROS_part_2/install/my_robot_description/share/my_robot_description/local_setup.sh
[0.316s] -- Up-to-date symlink: /home/ayush/Desktop/ROS_part_2/install/my_robot_description/share/my_robot_description/local_setup.zsh
[0.316s] -- Up-to-date symlink: /home/ayush/Desktop/ROS_part_2/install/my_robot_description/share/my_robot_description/local_setup.dsv
[0.316s] -- Symlinking: /home/ayush/Desktop/ROS_part_2/install/my_robot_description/share/my_robot_description/package.dsv
[0.325s] -- Up-to-date symlink: /home/ayush/Desktop/ROS_part_2/install/my_robot_description/share/ament_index/resource_index/packages/my_robot_description
[0.325s] -- Up-to-date symlink: /home/ayush/Desktop/ROS_part_2/install/my_robot_description/share/my_robot_description/cmake/my_robot_descriptionConfig.cmake
[0.325s] -- Up-to-date symlink: /home/ayush/Desktop/ROS_part_2/install/my_robot_description/share/my_robot_description/cmake/my_robot_descriptionConfig-version.cmake
[0.326s] -- Up-to-date symlink: /home/ayush/Desktop/ROS_part_2/install/my_robot_description/share/my_robot_description/package.xml
[0.329s] Invoked command in '/home/ayush/Desktop/ROS_part_2/build/my_robot_description' returned '0': CMAKE_PREFIX_PATH=${CMAKE_PREFIX_PATH}:/opt/ros/humble /usr/bin/cmake --install /home/ayush/Desktop/ROS_part_2/build/my_robot_description
