[0.006s] Invoking command in '/home/ayush/Desktop/ROS_part_2/build/my_robot_bringup': AMENT_PREFIX_PATH=/home/ayush/Desktop/ROS_part_2/install/my_robot_description:${AMENT_PREFIX_PATH} CMAKE_PREFIX_PATH=/home/ayush/Desktop/ROS_part_2/install/my_robot_description:/opt/ros/humble /usr/bin/cmake --build /home/ayush/Desktop/ROS_part_2/build/my_robot_bringup -- -j8 -l8
[0.046s] Invoked command in '/home/ayush/Desktop/ROS_part_2/build/my_robot_bringup' returned '0': AMENT_PREFIX_PATH=/home/ayush/Desktop/ROS_part_2/install/my_robot_description:${AMENT_PREFIX_PATH} CMAKE_PREFIX_PATH=/home/ayush/Desktop/ROS_part_2/install/my_robot_description:/opt/ros/humble /usr/bin/cmake --build /home/ayush/Desktop/ROS_part_2/build/my_robot_bringup -- -j8 -l8
[0.047s] Invoking command in '/home/ayush/Desktop/ROS_part_2/build/my_robot_bringup': AMENT_PREFIX_PATH=/home/ayush/Desktop/ROS_part_2/install/my_robot_description:${AMENT_PREFIX_PATH} CMAKE_PREFIX_PATH=/home/ayush/Desktop/ROS_part_2/install/my_robot_description:/opt/ros/humble /usr/bin/cmake --install /home/ayush/Desktop/ROS_part_2/build/my_robot_bringup
[0.054s] -- Install configuration: ""
[0.054s] -- Execute custom install script
[0.054s] -- Up-to-date symlink: /home/ayush/Desktop/ROS_part_2/install/my_robot_bringup/share/my_robot_bringup/launch/my_robot_gazebo.launch.xml
[0.055s] -- Up-to-date symlink: /home/ayush/Desktop/ROS_part_2/install/my_robot_bringup/share/my_robot_bringup/rviz/robot_config.rviz
[0.055s] -- Up-to-date symlink: /home/ayush/Desktop/ROS_part_2/install/my_robot_bringup/share/ament_index/resource_index/package_run_dependencies/my_robot_bringup
[0.055s] -- Up-to-date symlink: /home/ayush/Desktop/ROS_part_2/install/my_robot_bringup/share/ament_index/resource_index/parent_prefix_path/my_robot_bringup
[0.055s] -- Up-to-date symlink: /home/ayush/Desktop/ROS_part_2/install/my_robot_bringup/share/my_robot_bringup/environment/ament_prefix_path.sh
[0.055s] -- Up-to-date symlink: /home/ayush/Desktop/ROS_part_2/install/my_robot_bringup/share/my_robot_bringup/environment/ament_prefix_path.dsv
[0.055s] -- Up-to-date symlink: /home/ayush/Desktop/ROS_part_2/install/my_robot_bringup/share/my_robot_bringup/environment/path.sh
[0.056s] -- Up-to-date symlink: /home/ayush/Desktop/ROS_part_2/install/my_robot_bringup/share/my_robot_bringup/environment/path.dsv
[0.056s] -- Up-to-date symlink: /home/ayush/Desktop/ROS_part_2/install/my_robot_bringup/share/my_robot_bringup/local_setup.bash
[0.056s] -- Up-to-date symlink: /home/ayush/Desktop/ROS_part_2/install/my_robot_bringup/share/my_robot_bringup/local_setup.sh
[0.056s] -- Up-to-date symlink: /home/ayush/Desktop/ROS_part_2/install/my_robot_bringup/share/my_robot_bringup/local_setup.zsh
[0.056s] -- Up-to-date symlink: /home/ayush/Desktop/ROS_part_2/install/my_robot_bringup/share/my_robot_bringup/local_setup.dsv
[0.056s] -- Symlinking: /home/ayush/Desktop/ROS_part_2/install/my_robot_bringup/share/my_robot_bringup/package.dsv
[0.068s] -- Up-to-date symlink: /home/ayush/Desktop/ROS_part_2/install/my_robot_bringup/share/ament_index/resource_index/packages/my_robot_bringup
[0.069s] -- Up-to-date symlink: /home/ayush/Desktop/ROS_part_2/install/my_robot_bringup/share/my_robot_bringup/cmake/my_robot_bringupConfig.cmake
[0.070s] -- Up-to-date symlink: /home/ayush/Desktop/ROS_part_2/install/my_robot_bringup/share/my_robot_bringup/cmake/my_robot_bringupConfig-version.cmake
[0.070s] -- Up-to-date symlink: /home/ayush/Desktop/ROS_part_2/install/my_robot_bringup/share/my_robot_bringup/package.xml
[0.074s] Invoked command in '/home/ayush/Desktop/ROS_part_2/build/my_robot_bringup' returned '0': AMENT_PREFIX_PATH=/home/ayush/Desktop/ROS_part_2/install/my_robot_description:${AMENT_PREFIX_PATH} CMAKE_PREFIX_PATH=/home/ayush/Desktop/ROS_part_2/install/my_robot_description:/opt/ros/humble /usr/bin/cmake --install /home/ayush/Desktop/ROS_part_2/build/my_robot_bringup
