[0.011s] Invoking command in '/home/ayush/Desktop/ROS_part_2/build/my_robot_bringup': CMAKE_PREFIX_PATH=/home/ayush/Desktop/ROS_part_2/install/my_robot_description:/home/ayush/Desktop/ROS_part_2/install/my_robot_bringup:/opt/ros/humble /usr/bin/cmake --build /home/ayush/Desktop/ROS_part_2/build/my_robot_bringup -- -j8 -l8
[0.037s] -- Found ament_cmake: 1.3.11 (/opt/ros/humble/share/ament_cmake/cmake)
[0.273s] -- Configuring done
[0.275s] -- Generating done
[0.277s] -- Build files have been written to: /home/ayush/Desktop/ROS_part_2/build/my_robot_bringup
[0.301s] Invoked command in '/home/ayush/Desktop/ROS_part_2/build/my_robot_bringup' returned '0': CMAKE_PREFIX_PATH=/home/ayush/Desktop/ROS_part_2/install/my_robot_description:/home/ayush/Desktop/ROS_part_2/install/my_robot_bringup:/opt/ros/humble /usr/bin/cmake --build /home/ayush/Desktop/ROS_part_2/build/my_robot_bringup -- -j8 -l8
[0.303s] Invoking command in '/home/ayush/Desktop/ROS_part_2/build/my_robot_bringup': CMAKE_PREFIX_PATH=/home/ayush/Desktop/ROS_part_2/install/my_robot_description:/home/ayush/Desktop/ROS_part_2/install/my_robot_bringup:/opt/ros/humble /usr/bin/cmake --install /home/ayush/Desktop/ROS_part_2/build/my_robot_bringup
[0.311s] -- Install configuration: ""
[0.312s] -- Up-to-date: /home/ayush/Desktop/ROS_part_2/install/my_robot_bringup/share/my_robot_bringup/launch
[0.312s] -- Installing: /home/ayush/Desktop/ROS_part_2/install/my_robot_bringup/share/my_robot_bringup/launch/my_robot_gazebo.launch.xml
[0.312s] -- Installing: /home/ayush/Desktop/ROS_part_2/install/my_robot_bringup/share/my_robot_bringup/rviz
[0.312s] -- Installing: /home/ayush/Desktop/ROS_part_2/install/my_robot_bringup/share/my_robot_bringup/rviz/robot_config.rviz
[0.312s] -- Up-to-date: /home/ayush/Desktop/ROS_part_2/install/my_robot_bringup/share/ament_index/resource_index/package_run_dependencies/my_robot_bringup
[0.313s] -- Installing: /home/ayush/Desktop/ROS_part_2/install/my_robot_bringup/share/ament_index/resource_index/parent_prefix_path/my_robot_bringup
[0.313s] -- Up-to-date: /home/ayush/Desktop/ROS_part_2/install/my_robot_bringup/share/my_robot_bringup/environment/ament_prefix_path.sh
[0.313s] -- Installing: /home/ayush/Desktop/ROS_part_2/install/my_robot_bringup/share/my_robot_bringup/environment/ament_prefix_path.dsv
[0.313s] -- Up-to-date: /home/ayush/Desktop/ROS_part_2/install/my_robot_bringup/share/my_robot_bringup/environment/path.sh
[0.313s] -- Installing: /home/ayush/Desktop/ROS_part_2/install/my_robot_bringup/share/my_robot_bringup/environment/path.dsv
[0.313s] -- Up-to-date: /home/ayush/Desktop/ROS_part_2/install/my_robot_bringup/share/my_robot_bringup/local_setup.bash
[0.314s] -- Up-to-date: /home/ayush/Desktop/ROS_part_2/install/my_robot_bringup/share/my_robot_bringup/local_setup.sh
[0.314s] -- Up-to-date: /home/ayush/Desktop/ROS_part_2/install/my_robot_bringup/share/my_robot_bringup/local_setup.zsh
[0.315s] -- Installing: /home/ayush/Desktop/ROS_part_2/install/my_robot_bringup/share/my_robot_bringup/local_setup.dsv
[0.315s] -- Installing: /home/ayush/Desktop/ROS_part_2/install/my_robot_bringup/share/my_robot_bringup/package.dsv
[0.318s] -- Up-to-date: /home/ayush/Desktop/ROS_part_2/install/my_robot_bringup/share/ament_index/resource_index/packages/my_robot_bringup
[0.319s] -- Up-to-date: /home/ayush/Desktop/ROS_part_2/install/my_robot_bringup/share/my_robot_bringup/cmake/my_robot_bringupConfig.cmake
[0.319s] -- Up-to-date: /home/ayush/Desktop/ROS_part_2/install/my_robot_bringup/share/my_robot_bringup/cmake/my_robot_bringupConfig-version.cmake
[0.319s] -- Up-to-date: /home/ayush/Desktop/ROS_part_2/install/my_robot_bringup/share/my_robot_bringup/package.xml
[0.319s] Invoked command in '/home/ayush/Desktop/ROS_part_2/build/my_robot_bringup' returned '0': CMAKE_PREFIX_PATH=/home/ayush/Desktop/ROS_part_2/install/my_robot_description:/home/ayush/Desktop/ROS_part_2/install/my_robot_bringup:/opt/ros/humble /usr/bin/cmake --install /home/ayush/Desktop/ROS_part_2/build/my_robot_bringup
